seq-read: (g=0): rw=read, bs=4K-4K/4K-4K/4K-4K, ioengine=libaio, iodepth=10
...
rand-read: (g=1): rw=randread, bs=4K-4K/4K-4K/4K-4K, ioengine=libaio, iodepth=10
...
seq-write: (g=2): rw=write, bs=4K-4K/4K-4K/4K-4K, ioengine=libaio, iodepth=10
...
rand-write: (g=3): rw=randwrite, bs=4K-4K/4K-4K/4K-4K, ioengine=libaio, iodepth=10
...
fio-2.1.11
Starting 64 processes

seq-read: (groupid=0, jobs=1): err= 0: pid=4103: Thu Feb 11 16:02:35 2016
  read : io=20480KB, bw=8366.2KB/s, iops=2091, runt=  2448msec
    slat (usec): min=4, max=425, avg= 8.18, stdev= 7.17
    clat (usec): min=515, max=11539, avg=4767.04, stdev=1902.18
     lat (usec): min=524, max=11556, avg=4775.50, stdev=1902.09
    clat percentiles (usec):
     |  1.00th=[ 1176],  5.00th=[ 1720], 10.00th=[ 2096], 20.00th=[ 2960],
     | 30.00th=[ 3760], 40.00th=[ 4320], 50.00th=[ 4768], 60.00th=[ 5280],
     | 70.00th=[ 5728], 80.00th=[ 6304], 90.00th=[ 7200], 95.00th=[ 8032],
     | 99.00th=[ 9536], 99.50th=[ 9920], 99.90th=[10432], 99.95th=[10560],
     | 99.99th=[11584]
    bw (KB  /s): min= 8000, max= 8701, per=6.26%, avg=8367.00, stdev=297.44
    lat (usec) : 750=0.10%, 1000=0.29%
    lat (msec) : 2=7.85%, 4=25.74%, 10=65.70%, 20=0.31%
  cpu          : usr=1.31%, sys=1.31%, ctx=1316, majf=0, minf=24
  IO depths    : 1=0.1%, 2=0.1%, 4=0.1%, 8=99.9%, 16=0.0%, 32=0.0%, >=64=0.0%
     submit    : 0=0.0%, 4=100.0%, 8=0.0%, 16=0.0%, 32=0.0%, 64=0.0%, >=64=0.0%
     complete  : 0=0.0%, 4=100.0%, 8=0.0%, 16=0.1%, 32=0.0%, 64=0.0%, >=64=0.0%
     issued    : total=r=5120/w=0/d=0, short=r=0/w=0/d=0
     latency   : target=0, window=0, percentile=100.00%, depth=10
seq-read: (groupid=0, jobs=1): err= 0: pid=4104: Thu Feb 11 16:02:35 2016
  read : io=20480KB, bw=8359.2KB/s, iops=2089, runt=  2450msec
    slat (usec): min=4, max=293, avg= 8.58, stdev= 5.88
    clat (usec): min=558, max=10725, avg=4771.23, stdev=1815.27
     lat (usec): min=565, max=10734, avg=4780.09, stdev=1815.12
    clat percentiles (usec):
     |  1.00th=[ 1128],  5.00th=[ 1720], 10.00th=[ 2256], 20.00th=[ 3120],
     | 30.00th=[ 3824], 40.00th=[ 4384], 50.00th=[ 4832], 60.00th=[ 5280],
     | 70.00th=[ 5728], 80.00th=[ 6240], 90.00th=[ 7072], 95.00th=[ 7648],
     | 99.00th=[ 9152], 99.50th=[10176], 99.90th=[10688], 99.95th=[10688],
     | 99.99th=[10688]
    bw (KB  /s): min= 8024, max= 8728, per=6.26%, avg=8377.25, stdev=304.59
    lat (usec) : 750=0.16%, 1000=0.43%
    lat (msec) : 2=6.86%, 4=25.02%, 10=66.95%, 20=0.59%
  cpu          : usr=0.33%, sys=2.45%, ctx=1514, majf=0, minf=29
  IO depths    : 1=0.1%, 2=0.1%, 4=0.1%, 8=99.9%, 16=0.0%, 32=0.0%, >=64=0.0%
     submit    : 0=0.0%, 4=100.0%, 8=0.0%, 16=0.0%, 32=0.0%, 64=0.0%, >=64=0.0%
     complete  : 0=0.0%, 4=100.0%, 8=0.0%, 16=0.1%, 32=0.0%, 64=0.0%, >=64=0.0%
     issued    : total=r=5120/w=0/d=0, short=r=0/w=0/d=0
     latency   : target=0, window=0, percentile=100.00%, depth=10
seq-read: (groupid=0, jobs=1): err= 0: pid=4105: Thu Feb 11 16:02:35 2016
  read : io=20480KB, bw=8359.2KB/s, iops=2089, runt=  2450msec
    slat (usec): min=4, max=263, avg= 8.78, stdev= 5.79
    clat (usec): min=480, max=9923, avg=4772.10, stdev=1774.87
     lat (usec): min=491, max=9929, avg=4781.17, stdev=1774.82
    clat percentiles (usec):
     |  1.00th=[ 1048],  5.00th=[ 1816], 10.00th=[ 2352], 20.00th=[ 3280],
     | 30.00th=[ 3920], 40.00th=[ 4384], 50.00th=[ 4704], 60.00th=[ 5152],
     | 70.00th=[ 5600], 80.00th=[ 6240], 90.00th=[ 7072], 95.00th=[ 7840],
     | 99.00th=[ 9536], 99.50th=[ 9792], 99.90th=[ 9792], 99.95th=[ 9920],
     | 99.99th=[ 9920]
    bw (KB  /s): min= 8040, max= 8616, per=6.25%, avg=8361.75, stdev=267.43
    lat (usec) : 500=0.04%, 750=0.23%, 1000=0.39%
    lat (msec) : 2=6.48%, 4=23.75%, 10=69.10%
  cpu          : usr=0.82%, sys=1.96%, ctx=1656, majf=0, minf=28
  IO depths    : 1=0.1%, 2=0.1%, 4=0.1%, 8=99.9%, 16=0.0%, 32=0.0%, >=64=0.0%
     submit    : 0=0.0%, 4=100.0%, 8=0.0%, 16=0.0%, 32=0.0%, 64=0.0%, >=64=0.0%
     complete  : 0=0.0%, 4=100.0%, 8=0.0%, 16=0.1%, 32=0.0%, 64=0.0%, >=64=0.0%
     issued    : total=r=5120/w=0/d=0, short=r=0/w=0/d=0
     latency   : target=0, window=0, percentile=100.00%, depth=10
seq-read: (groupid=0, jobs=1): err= 0: pid=4106: Thu Feb 11 16:02:35 2016
  read : io=20480KB, bw=8366.2KB/s, iops=2091, runt=  2448msec
    slat (usec): min=4, max=428, avg= 8.58, stdev= 7.44
    clat (usec): min=505, max=11960, avg=4767.62, stdev=1775.66
     lat (usec): min=526, max=11969, avg=4776.47, stdev=1775.55
    clat percentiles (usec):
     |  1.00th=[ 1192],  5.00th=[ 1768], 10.00th=[ 2352], 20.00th=[ 3216],
     | 30.00th=[ 3920], 40.00th=[ 4384], 50.00th=[ 4768], 60.00th=[ 5216],
     | 70.00th=[ 5664], 80.00th=[ 6176], 90.00th=[ 6944], 95.00th=[ 7648],
     | 99.00th=[ 9152], 99.50th=[10176], 99.90th=[11968], 99.95th=[11968],
     | 99.99th=[11968]
    bw (KB  /s): min= 7984, max= 8704, per=6.26%, avg=8377.75, stdev=309.46
    lat (usec) : 750=0.12%, 1000=0.53%
    lat (msec) : 2=6.45%, 4=24.67%, 10=67.71%, 20=0.53%
  cpu          : usr=0.16%, sys=2.45%, ctx=1500, majf=0, minf=27
  IO depths    : 1=0.1%, 2=0.1%, 4=0.1%, 8=99.9%, 16=0.0%, 32=0.0%, >=64=0.0%
     submit    : 0=0.0%, 4=100.0%, 8=0.0%, 16=0.0%, 32=0.0%, 64=0.0%, >=64=0.0%
     complete  : 0=0.0%, 4=100.0%, 8=0.0%, 16=0.1%, 32=0.0%, 64=0.0%, >=64=0.0%
     issued    : total=r=5120/w=0/d=0, short=r=0/w=0/d=0
     latency   : target=0, window=0, percentile=100.00%, depth=10
seq-read: (groupid=0, jobs=1): err= 0: pid=4107: Thu Feb 11 16:02:35 2016
  read : io=20480KB, bw=8362.7KB/s, iops=2090, runt=  2449msec
    slat (usec): min=4, max=398, avg= 8.37, stdev= 6.88
    clat (usec): min=650, max=10910, avg=4770.81, stdev=1770.76
     lat (usec): min=658, max=10917, avg=4779.45, stdev=1770.70
    clat percentiles (usec):
     |  1.00th=[ 1128],  5.00th=[ 1672], 10.00th=[ 2288], 20.00th=[ 3280],
     | 30.00th=[ 3952], 40.00th=[ 4384], 50.00th=[ 4832], 60.00th=[ 5216],
     | 70.00th=[ 5600], 80.00th=[ 6176], 90.00th=[ 7008], 95.00th=[ 7648],
     | 99.00th=[ 9536], 99.50th=[10176], 99.90th=[10432], 99.95th=[10560],
     | 99.99th=[10944]
    bw (KB  /s): min= 8088, max= 8638, per=6.26%, avg=8369.00, stdev=256.25
    lat (usec) : 750=0.12%, 1000=0.41%
    lat (msec) : 2=7.25%, 4=23.26%, 10=68.32%, 20=0.64%
  cpu          : usr=1.47%, sys=1.80%, ctx=1610, majf=0, minf=26
  IO depths    : 1=0.1%, 2=0.1%, 4=0.1%, 8=99.9%, 16=0.0%, 32=0.0%, >=64=0.0%
     submit    : 0=0.0%, 4=100.0%, 8=0.0%, 16=0.0%, 32=0.0%, 64=0.0%, >=64=0.0%
     complete  : 0=0.0%, 4=100.0%, 8=0.0%, 16=0.1%, 32=0.0%, 64=0.0%, >=64=0.0%
     issued    : total=r=5120/w=0/d=0, short=r=0/w=0/d=0
     latency   : target=0, window=0, percentile=100.00%, depth=10
seq-read: (groupid=0, jobs=1): err= 0: pid=4108: Thu Feb 11 16:02:35 2016
  read : io=20480KB, bw=8366.2KB/s, iops=2091, runt=  2448msec
    slat (usec): min=4, max=127, avg= 8.24, stdev= 4.62
    clat (usec): min=287, max=11469, avg=4769.12, stdev=1847.37
     lat (usec): min=415, max=11479, avg=4777.63, stdev=1847.37
    clat percentiles (usec):
     |  1.00th=[ 1192],  5.00th=[ 1656], 10.00th=[ 2192], 20.00th=[ 3024],
     | 30.00th=[ 3824], 40.00th=[ 4384], 50.00th=[ 4832], 60.00th=[ 5280],
     | 70.00th=[ 5728], 80.00th=[ 6240], 90.00th=[ 7072], 95.00th=[ 7648],
     | 99.00th=[ 9280], 99.50th=[ 9920], 99.90th=[11072], 99.95th=[11072],
     | 99.99th=[11456]
    bw (KB  /s): min= 8095, max= 8642, per=6.26%, avg=8370.00, stdev=242.73
    lat (usec) : 500=0.02%, 750=0.10%, 1000=0.45%
    lat (msec) : 2=8.24%, 4=24.16%, 10=66.58%, 20=0.45%
  cpu          : usr=0.33%, sys=2.29%, ctx=1382, majf=0, minf=27
  IO depths    : 1=0.1%, 2=0.1%, 4=0.1%, 8=99.9%, 16=0.0%, 32=0.0%, >=64=0.0%
     submit    : 0=0.0%, 4=100.0%, 8=0.0%, 16=0.0%, 32=0.0%, 64=0.0%, >=64=0.0%
     complete  : 0=0.0%, 4=100.0%, 8=0.0%, 16=0.1%, 32=0.0%, 64=0.0%, >=64=0.0%
     issued    : total=r=5120/w=0/d=0, short=r=0/w=0/d=0
     latency   : target=0, window=0, percentile=100.00%, depth=10
seq-read: (groupid=0, jobs=1): err= 0: pid=4109: Thu Feb 11 16:02:35 2016
  read : io=20480KB, bw=8359.2KB/s, iops=2089, runt=  2450msec
    slat (usec): min=4, max=311, avg= 9.31, stdev= 6.17
    clat (usec): min=413, max=10913, avg=4771.45, stdev=1595.80
     lat (usec): min=420, max=10921, avg=4781.05, stdev=1595.73
    clat percentiles (usec):
     |  1.00th=[ 1192],  5.00th=[ 2008], 10.00th=[ 2576], 20.00th=[ 3536],
     | 30.00th=[ 4128], 40.00th=[ 4448], 50.00th=[ 4768], 60.00th=[ 5152],
     | 70.00th=[ 5600], 80.00th=[ 5984], 90.00th=[ 6752], 95.00th=[ 7392],
     | 99.00th=[ 8640], 99.50th=[10048], 99.90th=[10432], 99.95th=[10432],
     | 99.99th=[10944]
    bw (KB  /s): min= 8007, max= 8752, per=6.27%, avg=8381.75, stdev=323.79
    lat (usec) : 500=0.04%, 750=0.14%, 1000=0.53%
    lat (msec) : 2=4.18%, 4=23.34%, 10=71.25%, 20=0.53%
  cpu          : usr=0.65%, sys=4.08%, ctx=2135, majf=0, minf=27
  IO depths    : 1=0.1%, 2=0.1%, 4=0.1%, 8=99.9%, 16=0.0%, 32=0.0%, >=64=0.0%
     submit    : 0=0.0%, 4=100.0%, 8=0.0%, 16=0.0%, 32=0.0%, 64=0.0%, >=64=0.0%
     complete  : 0=0.0%, 4=100.0%, 8=0.0%, 16=0.1%, 32=0.0%, 64=0.0%, >=64=0.0%
     issued    : total=r=5120/w=0/d=0, short=r=0/w=0/d=0
     latency   : target=0, window=0, percentile=100.00%, depth=10
seq-read: (groupid=0, jobs=1): err= 0: pid=4110: Thu Feb 11 16:02:35 2016
  read : io=20480KB, bw=8369.5KB/s, iops=2092, runt=  2447msec
    slat (usec): min=4, max=81, avg= 8.97, stdev= 4.66
    clat (usec): min=698, max=10960, avg=4766.37, stdev=1814.05
     lat (usec): min=706, max=10966, avg=4775.63, stdev=1813.94
    clat percentiles (usec):
     |  1.00th=[ 1144],  5.00th=[ 1752], 10.00th=[ 2256], 20.00th=[ 3184],
     | 30.00th=[ 3888], 40.00th=[ 4448], 50.00th=[ 4832], 60.00th=[ 5216],
     | 70.00th=[ 5664], 80.00th=[ 6176], 90.00th=[ 6944], 95.00th=[ 7840],
     | 99.00th=[10048], 99.50th=[10176], 99.90th=[10432], 99.95th=[10560],
     | 99.99th=[10944]
    bw (KB  /s): min= 7960, max= 8664, per=6.26%, avg=8369.50, stdev=318.46
    lat (usec) : 750=0.08%, 1000=0.47%
    lat (msec) : 2=6.19%, 4=25.80%, 10=66.48%, 20=0.98%
  cpu          : usr=0.65%, sys=2.94%, ctx=1758, majf=0, minf=25
  IO depths    : 1=0.1%, 2=0.1%, 4=0.1%, 8=99.9%, 16=0.0%, 32=0.0%, >=64=0.0%
     submit    : 0=0.0%, 4=100.0%, 8=0.0%, 16=0.0%, 32=0.0%, 64=0.0%, >=64=0.0%
     complete  : 0=0.0%, 4=100.0%, 8=0.0%, 16=0.1%, 32=0.0%, 64=0.0%, >=64=0.0%
     issued    : total=r=5120/w=0/d=0, short=r=0/w=0/d=0
     latency   : target=0, window=0, percentile=100.00%, depth=10
seq-read: (groupid=0, jobs=1): err= 0: pid=4111: Thu Feb 11 16:02:35 2016
  read : io=20480KB, bw=8366.2KB/s, iops=2091, runt=  2448msec
    slat (usec): min=4, max=42, avg= 8.17, stdev= 4.29
    clat (usec): min=421, max=12120, avg=4769.53, stdev=1806.77
     lat (usec): min=428, max=12128, avg=4777.98, stdev=1806.81
    clat percentiles (usec):
     |  1.00th=[ 1160],  5.00th=[ 1688], 10.00th=[ 2160], 20.00th=[ 3152],
     | 30.00th=[ 3856], 40.00th=[ 4384], 50.00th=[ 4768], 60.00th=[ 5280],
     | 70.00th=[ 5792], 80.00th=[ 6240], 90.00th=[ 6944], 95.00th=[ 7648],
     | 99.00th=[ 9280], 99.50th=[10176], 99.90th=[12096], 99.95th=[12096],
     | 99.99th=[12096]
    bw (KB  /s): min= 8008, max= 8760, per=6.27%, avg=8379.25, stdev=313.84
    lat (usec) : 500=0.02%, 750=0.12%, 1000=0.39%
    lat (msec) : 2=7.52%, 4=25.02%, 10=66.43%, 20=0.51%
  cpu          : usr=0.98%, sys=1.63%, ctx=1368, majf=0, minf=25
  IO depths    : 1=0.1%, 2=0.1%, 4=0.1%, 8=99.9%, 16=0.0%, 32=0.0%, >=64=0.0%
     submit    : 0=0.0%, 4=100.0%, 8=0.0%, 16=0.0%, 32=0.0%, 64=0.0%, >=64=0.0%
     complete  : 0=0.0%, 4=100.0%, 8=0.0%, 16=0.1%, 32=0.0%, 64=0.0%, >=64=0.0%
     issued    : total=r=5120/w=0/d=0, short=r=0/w=0/d=0
     latency   : target=0, window=0, percentile=100.00%, depth=10
seq-read: (groupid=0, jobs=1): err= 0: pid=4112: Thu Feb 11 16:02:35 2016
  read : io=20480KB, bw=8366.2KB/s, iops=2091, runt=  2448msec
    slat (usec): min=4, max=35, avg= 8.78, stdev= 4.32
    clat (usec): min=466, max=11702, avg=4769.26, stdev=1747.97
     lat (usec): min=472, max=11719, avg=4778.32, stdev=1748.11
    clat percentiles (usec):
     |  1.00th=[ 1112],  5.00th=[ 1656], 10.00th=[ 2256], 20.00th=[ 3280],
     | 30.00th=[ 3952], 40.00th=[ 4448], 50.00th=[ 4832], 60.00th=[ 5280],
     | 70.00th=[ 5600], 80.00th=[ 6176], 90.00th=[ 6880], 95.00th=[ 7584],
     | 99.00th=[ 9024], 99.50th=[10048], 99.90th=[11712], 99.95th=[11712],
     | 99.99th=[11712]
    bw (KB  /s): min= 8016, max= 8664, per=6.26%, avg=8368.00, stdev=272.24
    lat (usec) : 500=0.02%, 750=0.10%, 1000=0.51%
    lat (msec) : 2=7.15%, 4=22.99%, 10=68.75%, 20=0.49%
  cpu          : usr=0.65%, sys=2.13%, ctx=1702, majf=0, minf=26
  IO depths    : 1=0.1%, 2=0.1%, 4=0.1%, 8=99.9%, 16=0.0%, 32=0.0%, >=64=0.0%
     submit    : 0=0.0%, 4=100.0%, 8=0.0%, 16=0.0%, 32=0.0%, 64=0.0%, >=64=0.0%
     complete  : 0=0.0%, 4=100.0%, 8=0.0%, 16=0.1%, 32=0.0%, 64=0.0%, >=64=0.0%
     issued    : total=r=5120/w=0/d=0, short=r=0/w=0/d=0
     latency   : target=0, window=0, percentile=100.00%, depth=10
seq-read: (groupid=0, jobs=1): err= 0: pid=4113: Thu Feb 11 16:02:35 2016
  read : io=20480KB, bw=8366.2KB/s, iops=2091, runt=  2448msec
    slat (usec): min=4, max=68, avg= 7.98, stdev= 4.23
    clat (usec): min=700, max=11120, avg=4768.08, stdev=1923.11
     lat (usec): min=707, max=11140, avg=4776.33, stdev=1923.19
    clat percentiles (usec):
     |  1.00th=[ 1256],  5.00th=[ 1736], 10.00th=[ 2040], 20.00th=[ 2928],
     | 30.00th=[ 3632], 40.00th=[ 4256], 50.00th=[ 4832], 60.00th=[ 5280],
     | 70.00th=[ 5792], 80.00th=[ 6432], 90.00th=[ 7200], 95.00th=[ 7968],
     | 99.00th=[ 9408], 99.50th=[ 9792], 99.90th=[10432], 99.95th=[10432],
     | 99.99th=[11072]
    bw (KB  /s): min= 7912, max= 8714, per=6.27%, avg=8379.50, stdev=352.16
    lat (usec) : 750=0.08%, 1000=0.25%
    lat (msec) : 2=8.67%, 4=26.48%, 10=64.06%, 20=0.45%
  cpu          : usr=0.98%, sys=1.47%, ctx=1229, majf=0, minf=25
  IO depths    : 1=0.1%, 2=0.1%, 4=0.1%, 8=99.9%, 16=0.0%, 32=0.0%, >=64=0.0%
     submit    : 0=0.0%, 4=100.0%, 8=0.0%, 16=0.0%, 32=0.0%, 64=0.0%, >=64=0.0%
     complete  : 0=0.0%, 4=100.0%, 8=0.0%, 16=0.1%, 32=0.0%, 64=0.0%, >=64=0.0%
     issued    : total=r=5120/w=0/d=0, short=r=0/w=0/d=0
     latency   : target=0, window=0, percentile=100.00%, depth=10
seq-read: (groupid=0, jobs=1): err= 0: pid=4114: Thu Feb 11 16:02:35 2016
  read : io=20480KB, bw=8362.7KB/s, iops=2090, runt=  2449msec
    slat (usec): min=4, max=34, avg= 8.30, stdev= 4.30
    clat (usec): min=583, max=11734, avg=4770.00, stdev=1925.29
     lat (usec): min=595, max=11743, avg=4778.59, stdev=1925.33
    clat percentiles (usec):
     |  1.00th=[ 1032],  5.00th=[ 1656], 10.00th=[ 2128], 20.00th=[ 2992],
     | 30.00th=[ 3728], 40.00th=[ 4320], 50.00th=[ 4832], 60.00th=[ 5216],
     | 70.00th=[ 5728], 80.00th=[ 6304], 90.00th=[ 7200], 95.00th=[ 7840],
     | 99.00th=[ 9536], 99.50th=[10432], 99.90th=[11712], 99.95th=[11712],
     | 99.99th=[11712]
    bw (KB  /s): min= 8144, max= 8588, per=6.26%, avg=8369.75, stdev=194.88
    lat (usec) : 750=0.14%, 1000=0.62%
    lat (msec) : 2=7.52%, 4=24.67%, 10=66.31%, 20=0.74%
  cpu          : usr=0.98%, sys=1.63%, ctx=1321, majf=0, minf=25
  IO depths    : 1=0.1%, 2=0.1%, 4=0.1%, 8=99.9%, 16=0.0%, 32=0.0%, >=64=0.0%
     submit    : 0=0.0%, 4=100.0%, 8=0.0%, 16=0.0%, 32=0.0%, 64=0.0%, >=64=0.0%
     complete  : 0=0.0%, 4=100.0%, 8=0.0%, 16=0.1%, 32=0.0%, 64=0.0%, >=64=0.0%
     issued    : total=r=5120/w=0/d=0, short=r=0/w=0/d=0
     latency   : target=0, window=0, percentile=100.00%, depth=10
seq-read: (groupid=0, jobs=1): err= 0: pid=4115: Thu Feb 11 16:02:35 2016
  read : io=20480KB, bw=8362.7KB/s, iops=2090, runt=  2449msec
    slat (usec): min=4, max=275, avg= 8.36, stdev= 6.45
    clat (usec): min=647, max=11117, avg=4770.33, stdev=1863.27
     lat (usec): min=655, max=11123, avg=4778.96, stdev=1863.33
    clat percentiles (usec):
     |  1.00th=[ 1128],  5.00th=[ 1608], 10.00th=[ 2128], 20.00th=[ 2992],
     | 30.00th=[ 3856], 40.00th=[ 4384], 50.00th=[ 4832], 60.00th=[ 5344],
     | 70.00th=[ 5792], 80.00th=[ 6368], 90.00th=[ 7200], 95.00th=[ 7840],
     | 99.00th=[ 9024], 99.50th=[ 9408], 99.90th=[10048], 99.95th=[10560],
     | 99.99th=[11072]
    bw (KB  /s): min= 8071, max= 8710, per=6.27%, avg=8382.75, stdev=262.25
    lat (usec) : 750=0.16%, 1000=0.33%
    lat (msec) : 2=8.36%, 4=23.28%, 10=67.75%, 20=0.12%
  cpu          : usr=0.82%, sys=1.80%, ctx=1383, majf=0, minf=24
  IO depths    : 1=0.1%, 2=0.1%, 4=0.1%, 8=99.9%, 16=0.0%, 32=0.0%, >=64=0.0%
     submit    : 0=0.0%, 4=100.0%, 8=0.0%, 16=0.0%, 32=0.0%, 64=0.0%, >=64=0.0%
     complete  : 0=0.0%, 4=100.0%, 8=0.0%, 16=0.1%, 32=0.0%, 64=0.0%, >=64=0.0%
     issued    : total=r=5120/w=0/d=0, short=r=0/w=0/d=0
     latency   : target=0, window=0, percentile=100.00%, depth=10
seq-read: (groupid=0, jobs=1): err= 0: pid=4116: Thu Feb 11 16:02:35 2016
  read : io=20480KB, bw=8362.7KB/s, iops=2090, runt=  2449msec
    slat (usec): min=4, max=233, avg= 8.69, stdev= 5.51
    clat (usec): min=412, max=10583, avg=4770.57, stdev=1748.09
     lat (usec): min=419, max=10595, avg=4779.54, stdev=1748.22
    clat percentiles (usec):
     |  1.00th=[ 1144],  5.00th=[ 1768], 10.00th=[ 2256], 20.00th=[ 3216],
     | 30.00th=[ 3888], 40.00th=[ 4384], 50.00th=[ 4832], 60.00th=[ 5280],
     | 70.00th=[ 5792], 80.00th=[ 6304], 90.00th=[ 6880], 95.00th=[ 7520],
     | 99.00th=[ 8512], 99.50th=[ 9152], 99.90th=[ 9664], 99.95th=[10304],
     | 99.99th=[10560]
    bw (KB  /s): min= 8071, max= 8669, per=6.26%, avg=8374.75, stdev=257.35
    lat (usec) : 500=0.02%, 750=0.14%, 1000=0.47%
    lat (msec) : 2=7.30%, 4=24.38%, 10=67.60%, 20=0.10%
  cpu          : usr=1.31%, sys=1.47%, ctx=1564, majf=0, minf=24
  IO depths    : 1=0.1%, 2=0.1%, 4=0.1%, 8=99.9%, 16=0.0%, 32=0.0%, >=64=0.0%
     submit    : 0=0.0%, 4=100.0%, 8=0.0%, 16=0.0%, 32=0.0%, 64=0.0%, >=64=0.0%
     complete  : 0=0.0%, 4=100.0%, 8=0.0%, 16=0.1%, 32=0.0%, 64=0.0%, >=64=0.0%
     issued    : total=r=5120/w=0/d=0, short=r=0/w=0/d=0
     latency   : target=0, window=0, percentile=100.00%, depth=10
seq-read: (groupid=0, jobs=1): err= 0: pid=4117: Thu Feb 11 16:02:35 2016
  read : io=20480KB, bw=8379.8KB/s, iops=2094, runt=  2444msec
    slat (usec): min=4, max=230, avg= 8.14, stdev= 5.81
    clat (usec): min=669, max=11892, avg=4760.95, stdev=1842.98
     lat (usec): min=674, max=11898, avg=4769.36, stdev=1843.30
    clat percentiles (usec):
     |  1.00th=[ 1192],  5.00th=[ 1640], 10.00th=[ 2160], 20.00th=[ 3056],
     | 30.00th=[ 3760], 40.00th=[ 4320], 50.00th=[ 4832], 60.00th=[ 5280],
     | 70.00th=[ 5856], 80.00th=[ 6368], 90.00th=[ 7200], 95.00th=[ 7776],
     | 99.00th=[ 8896], 99.50th=[ 9024], 99.90th=[10688], 99.95th=[11712],
     | 99.99th=[11840]
    bw (KB  /s): min= 8016, max= 8680, per=6.26%, avg=8367.50, stdev=287.76
    lat (usec) : 750=0.10%, 1000=0.37%
    lat (msec) : 2=7.85%, 4=24.94%, 10=66.58%, 20=0.16%
  cpu          : usr=1.31%, sys=1.15%, ctx=1338, majf=0, minf=24
  IO depths    : 1=0.1%, 2=0.1%, 4=0.1%, 8=99.9%, 16=0.0%, 32=0.0%, >=64=0.0%
     submit    : 0=0.0%, 4=100.0%, 8=0.0%, 16=0.0%, 32=0.0%, 64=0.0%, >=64=0.0%
     complete  : 0=0.0%, 4=100.0%, 8=0.0%, 16=0.1%, 32=0.0%, 64=0.0%, >=64=0.0%
     issued    : total=r=5120/w=0/d=0, short=r=0/w=0/d=0
     latency   : target=0, window=0, percentile=100.00%, depth=10
seq-read: (groupid=0, jobs=1): err= 0: pid=4118: Thu Feb 11 16:02:35 2016
  read : io=20480KB, bw=8362.7KB/s, iops=2090, runt=  2449msec
    slat (usec): min=4, max=281, avg= 8.67, stdev= 5.75
    clat (usec): min=597, max=10718, avg=4769.18, stdev=1762.99
     lat (usec): min=603, max=10732, avg=4778.12, stdev=1763.23
    clat percentiles (usec):
     |  1.00th=[ 1192],  5.00th=[ 1768], 10.00th=[ 2320], 20.00th=[ 3216],
     | 30.00th=[ 3952], 40.00th=[ 4320], 50.00th=[ 4768], 60.00th=[ 5152],
     | 70.00th=[ 5664], 80.00th=[ 6240], 90.00th=[ 7008], 95.00th=[ 7776],
     | 99.00th=[ 9024], 99.50th=[ 9152], 99.90th=[10688], 99.95th=[10688],
     | 99.99th=[10688]
    bw (KB  /s): min= 7952, max= 8718, per=6.26%, avg=8370.50, stdev=324.99
    lat (usec) : 750=0.14%, 1000=0.39%
    lat (msec) : 2=6.97%, 4=23.61%, 10=68.48%, 20=0.41%
  cpu          : usr=0.98%, sys=2.61%, ctx=1764, majf=0, minf=25
  IO depths    : 1=0.1%, 2=0.1%, 4=0.1%, 8=99.9%, 16=0.0%, 32=0.0%, >=64=0.0%
     submit    : 0=0.0%, 4=100.0%, 8=0.0%, 16=0.0%, 32=0.0%, 64=0.0%, >=64=0.0%
     complete  : 0=0.0%, 4=100.0%, 8=0.0%, 16=0.1%, 32=0.0%, 64=0.0%, >=64=0.0%
     issued    : total=r=5120/w=0/d=0, short=r=0/w=0/d=0
     latency   : target=0, window=0, percentile=100.00%, depth=10
rand-read: (groupid=1, jobs=1): err= 0: pid=4119: Thu Feb 11 16:02:35 2016
  read : io=20480KB, bw=2067.5KB/s, iops=516, runt=  9906msec
    slat (usec): min=5, max=16336, avg=796.79, stdev=1250.06
    clat (usec): min=284, max=152052, avg=18544.60, stdev=11643.79
     lat (usec): min=289, max=152753, avg=19341.74, stdev=11763.39
    clat percentiles (usec):
     |  1.00th=[  676],  5.00th=[ 2160], 10.00th=[ 4048], 20.00th=[ 7776],
     | 30.00th=[11200], 40.00th=[14656], 50.00th=[18048], 60.00th=[21376],
     | 70.00th=[25216], 80.00th=[28544], 90.00th=[32384], 95.00th=[34560],
     | 99.00th=[40704], 99.50th=[60160], 99.90th=[110080], 99.95th=[118272],
     | 99.99th=[152576]
    bw (KB  /s): min= 1872, max= 2240, per=6.19%, avg=2033.79, stdev=91.91
    lat (usec) : 500=0.41%, 750=0.88%, 1000=0.51%
    lat (msec) : 2=2.70%, 4=5.33%, 10=16.50%, 20=29.14%, 50=43.77%
    lat (msec) : 100=0.61%, 250=0.16%
  cpu          : usr=0.12%, sys=1.01%, ctx=6124, majf=0, minf=20
  IO depths    : 1=0.1%, 2=0.1%, 4=0.1%, 8=99.9%, 16=0.0%, 32=0.0%, >=64=0.0%
     submit    : 0=0.0%, 4=100.0%, 8=0.0%, 16=0.0%, 32=0.0%, 64=0.0%, >=64=0.0%
     complete  : 0=0.0%, 4=100.0%, 8=0.0%, 16=0.1%, 32=0.0%, 64=0.0%, >=64=0.0%
     issued    : total=r=5120/w=0/d=0, short=r=0/w=0/d=0
     latency   : target=0, window=0, percentile=100.00%, depth=10
rand-read: (groupid=1, jobs=1): err= 0: pid=4120: Thu Feb 11 16:02:35 2016
  read : io=20480KB, bw=2062.5KB/s, iops=515, runt=  9930msec
    slat (usec): min=4, max=5409, avg=784.36, stdev=1216.98
    clat (usec): min=313, max=154285, avg=18604.65, stdev=12295.51
     lat (usec): min=320, max=154301, avg=19389.37, stdev=12361.46
    clat percentiles (usec):
     |  1.00th=[  652],  5.00th=[ 2040], 10.00th=[ 3760], 20.00th=[ 7520],
     | 30.00th=[10944], 40.00th=[14528], 50.00th=[18304], 60.00th=[21632],
     | 70.00th=[24960], 80.00th=[28800], 90.00th=[32640], 95.00th=[34560],
     | 99.00th=[50432], 99.50th=[67072], 99.90th=[120320], 99.95th=[150528],
     | 99.99th=[154624]
    bw (KB  /s): min= 1840, max= 2403, per=6.15%, avg=2021.00, stdev=116.25
    lat (usec) : 500=0.33%, 750=1.04%, 1000=0.96%
    lat (msec) : 2=2.56%, 4=5.61%, 10=16.99%, 20=27.30%, 50=44.18%
    lat (msec) : 100=0.86%, 250=0.18%
  cpu          : usr=0.28%, sys=0.85%, ctx=6143, majf=0, minf=20
  IO depths    : 1=0.1%, 2=0.1%, 4=0.1%, 8=99.9%, 16=0.0%, 32=0.0%, >=64=0.0%
     submit    : 0=0.0%, 4=100.0%, 8=0.0%, 16=0.0%, 32=0.0%, 64=0.0%, >=64=0.0%
     complete  : 0=0.0%, 4=100.0%, 8=0.0%, 16=0.1%, 32=0.0%, 64=0.0%, >=64=0.0%
     issued    : total=r=5120/w=0/d=0, short=r=0/w=0/d=0
     latency   : target=0, window=0, percentile=100.00%, depth=10
rand-read: (groupid=1, jobs=1): err= 0: pid=4121: Thu Feb 11 16:02:35 2016
  read : io=20480KB, bw=2059.2KB/s, iops=514, runt=  9946msec
    slat (usec): min=4, max=15867, avg=795.75, stdev=1241.84
    clat (usec): min=286, max=192864, avg=18625.51, stdev=12699.88
     lat (usec): min=293, max=194239, avg=19421.63, stdev=12772.01
    clat percentiles (usec):
     |  1.00th=[  580],  5.00th=[ 1640], 10.00th=[ 3536], 20.00th=[ 7520],
     | 30.00th=[11072], 40.00th=[14656], 50.00th=[18304], 60.00th=[21632],
     | 70.00th=[24960], 80.00th=[28544], 90.00th=[32384], 95.00th=[34560],
     | 99.00th=[50432], 99.50th=[73216], 99.90th=[122368], 99.95th=[152576],
     | 99.99th=[193536]
    bw (KB  /s): min= 1808, max= 2392, per=6.09%, avg=2001.11, stdev=144.60
    lat (usec) : 500=0.53%, 750=1.23%, 1000=1.35%
    lat (msec) : 2=2.79%, 4=5.41%, 10=15.35%, 20=28.61%, 50=43.71%
    lat (msec) : 100=0.74%, 250=0.27%
  cpu          : usr=0.44%, sys=0.64%, ctx=6045, majf=0, minf=26
  IO depths    : 1=0.1%, 2=0.1%, 4=0.1%, 8=99.9%, 16=0.0%, 32=0.0%, >=64=0.0%
     submit    : 0=0.0%, 4=100.0%, 8=0.0%, 16=0.0%, 32=0.0%, 64=0.0%, >=64=0.0%
     complete  : 0=0.0%, 4=100.0%, 8=0.0%, 16=0.1%, 32=0.0%, 64=0.0%, >=64=0.0%
     issued    : total=r=5120/w=0/d=0, short=r=0/w=0/d=0
     latency   : target=0, window=0, percentile=100.00%, depth=10
rand-read: (groupid=1, jobs=1): err= 0: pid=4122: Thu Feb 11 16:02:35 2016
  read : io=20480KB, bw=2068.3KB/s, iops=517, runt=  9902msec
    slat (usec): min=4, max=16195, avg=801.78, stdev=1255.17
    clat (usec): min=323, max=171744, avg=18532.37, stdev=12726.68
     lat (usec): min=335, max=171752, avg=19334.51, stdev=12837.59
    clat percentiles (usec):
     |  1.00th=[  660],  5.00th=[ 1720], 10.00th=[ 3824], 20.00th=[ 7200],
     | 30.00th=[10560], 40.00th=[14144], 50.00th=[17792], 60.00th=[21376],
     | 70.00th=[24960], 80.00th=[28800], 90.00th=[32384], 95.00th=[34560],
     | 99.00th=[55040], 99.50th=[79360], 99.90th=[120320], 99.95th=[134144],
     | 99.99th=[171008]
    bw (KB  /s): min= 1798, max= 2507, per=6.14%, avg=2014.53, stdev=154.37
    lat (usec) : 500=0.20%, 750=1.09%, 1000=1.29%
    lat (msec) : 2=3.12%, 4=4.79%, 10=17.30%, 20=28.18%, 50=42.85%
    lat (msec) : 100=0.94%, 250=0.23%
  cpu          : usr=0.24%, sys=0.89%, ctx=6154, majf=0, minf=25
  IO depths    : 1=0.1%, 2=0.1%, 4=0.1%, 8=99.9%, 16=0.0%, 32=0.0%, >=64=0.0%
     submit    : 0=0.0%, 4=100.0%, 8=0.0%, 16=0.0%, 32=0.0%, 64=0.0%, >=64=0.0%
     complete  : 0=0.0%, 4=100.0%, 8=0.0%, 16=0.1%, 32=0.0%, 64=0.0%, >=64=0.0%
     issued    : total=r=5120/w=0/d=0, short=r=0/w=0/d=0
     latency   : target=0, window=0, percentile=100.00%, depth=10
rand-read: (groupid=1, jobs=1): err= 0: pid=4123: Thu Feb 11 16:02:35 2016
  read : io=20480KB, bw=2054.4KB/s, iops=513, runt=  9969msec
    slat (usec): min=5, max=16349, avg=788.26, stdev=1238.25
    clat (usec): min=280, max=149770, avg=18675.70, stdev=12183.57
     lat (usec): min=291, max=152272, avg=19464.33, stdev=12286.19
    clat percentiles (usec):
     |  1.00th=[  668],  5.00th=[ 2288], 10.00th=[ 4256], 20.00th=[ 7584],
     | 30.00th=[11072], 40.00th=[14656], 50.00th=[17792], 60.00th=[21632],
     | 70.00th=[24960], 80.00th=[28800], 90.00th=[32640], 95.00th=[34560],
     | 99.00th=[51456], 99.50th=[71168], 99.90th=[122368], 99.95th=[127488],
     | 99.99th=[150528]
    bw (KB  /s): min= 1760, max= 2352, per=6.13%, avg=2014.26, stdev=130.45
    lat (usec) : 500=0.37%, 750=1.19%, 1000=0.57%
    lat (msec) : 2=2.42%, 4=4.94%, 10=17.75%, 20=28.34%, 50=43.22%
    lat (msec) : 100=1.02%, 250=0.18%
  cpu          : usr=0.24%, sys=0.84%, ctx=6229, majf=0, minf=23
  IO depths    : 1=0.1%, 2=0.1%, 4=0.1%, 8=99.9%, 16=0.0%, 32=0.0%, >=64=0.0%
     submit    : 0=0.0%, 4=100.0%, 8=0.0%, 16=0.0%, 32=0.0%, 64=0.0%, >=64=0.0%
     complete  : 0=0.0%, 4=100.0%, 8=0.0%, 16=0.1%, 32=0.0%, 64=0.0%, >=64=0.0%
     issued    : total=r=5120/w=0/d=0, short=r=0/w=0/d=0
     latency   : target=0, window=0, percentile=100.00%, depth=10
rand-read: (groupid=1, jobs=1): err= 0: pid=4124: Thu Feb 11 16:02:35 2016
  read : io=20480KB, bw=2054.6KB/s, iops=513, runt=  9968msec
    slat (usec): min=5, max=5030, avg=792.65, stdev=1225.67
    clat (usec): min=275, max=151944, avg=18667.83, stdev=12099.86
     lat (usec): min=282, max=155581, avg=19460.85, stdev=12214.36
    clat percentiles (usec):
     |  1.00th=[  676],  5.00th=[ 1896], 10.00th=[ 3952], 20.00th=[ 7904],
     | 30.00th=[11200], 40.00th=[14528], 50.00th=[18304], 60.00th=[21888],
     | 70.00th=[24960], 80.00th=[28544], 90.00th=[32640], 95.00th=[35072],
     | 99.00th=[49920], 99.50th=[66048], 99.90th=[123392], 99.95th=[146432],
     | 99.99th=[152576]
    bw (KB  /s): min= 1792, max= 2328, per=6.11%, avg=2006.74, stdev=128.51
    lat (usec) : 500=0.37%, 750=0.90%, 1000=1.17%
    lat (msec) : 2=2.87%, 4=4.90%, 10=16.21%, 20=28.65%, 50=43.91%
    lat (msec) : 100=0.88%, 250=0.14%
  cpu          : usr=0.20%, sys=0.88%, ctx=6053, majf=0, minf=22
  IO depths    : 1=0.1%, 2=0.1%, 4=0.1%, 8=99.9%, 16=0.0%, 32=0.0%, >=64=0.0%
     submit    : 0=0.0%, 4=100.0%, 8=0.0%, 16=0.0%, 32=0.0%, 64=0.0%, >=64=0.0%
     complete  : 0=0.0%, 4=100.0%, 8=0.0%, 16=0.1%, 32=0.0%, 64=0.0%, >=64=0.0%
     issued    : total=r=5120/w=0/d=0, short=r=0/w=0/d=0
     latency   : target=0, window=0, percentile=100.00%, depth=10
rand-read: (groupid=1, jobs=1): err= 0: pid=4125: Thu Feb 11 16:02:35 2016
  read : io=20480KB, bw=2073.6KB/s, iops=518, runt=  9877msec
    slat (usec): min=4, max=4938, avg=791.54, stdev=1227.64
    clat (usec): min=304, max=135294, avg=18492.88, stdev=11623.11
     lat (usec): min=310, max=137703, avg=19284.79, stdev=11718.68
    clat percentiles (usec):
     |  1.00th=[  644],  5.00th=[ 2256], 10.00th=[ 4128], 20.00th=[ 7648],
     | 30.00th=[10816], 40.00th=[14528], 50.00th=[18048], 60.00th=[21632],
     | 70.00th=[25216], 80.00th=[28544], 90.00th=[32128], 95.00th=[34560],
     | 99.00th=[40704], 99.50th=[64256], 99.90th=[108032], 99.95th=[117248],
     | 99.99th=[136192]
    bw (KB  /s): min= 1848, max= 2484, per=6.20%, avg=2035.37, stdev=153.72
    lat (usec) : 500=0.31%, 750=1.15%, 1000=0.66%
    lat (msec) : 2=2.42%, 4=5.10%, 10=17.95%, 20=27.27%, 50=44.30%
    lat (msec) : 100=0.72%, 250=0.12%
  cpu          : usr=0.24%, sys=0.85%, ctx=6018, majf=0, minf=26
  IO depths    : 1=0.1%, 2=0.1%, 4=0.1%, 8=99.9%, 16=0.0%, 32=0.0%, >=64=0.0%
     submit    : 0=0.0%, 4=100.0%, 8=0.0%, 16=0.0%, 32=0.0%, 64=0.0%, >=64=0.0%
     complete  : 0=0.0%, 4=100.0%, 8=0.0%, 16=0.1%, 32=0.0%, 64=0.0%, >=64=0.0%
     issued    : total=r=5120/w=0/d=0, short=r=0/w=0/d=0
     latency   : target=0, window=0, percentile=100.00%, depth=10
rand-read: (groupid=1, jobs=1): err= 0: pid=4126: Thu Feb 11 16:02:35 2016
  read : io=20480KB, bw=2073.4KB/s, iops=518, runt=  9878msec
    slat (usec): min=5, max=16212, avg=789.43, stdev=1241.15
    clat (usec): min=367, max=166310, avg=18498.49, stdev=12299.59
     lat (usec): min=375, max=166319, avg=19288.28, stdev=12397.88
    clat percentiles (usec):
     |  1.00th=[  628],  5.00th=[ 1960], 10.00th=[ 3728], 20.00th=[ 7264],
     | 30.00th=[10688], 40.00th=[14400], 50.00th=[17792], 60.00th=[21376],
     | 70.00th=[24960], 80.00th=[28544], 90.00th=[32384], 95.00th=[34560],
     | 99.00th=[48384], 99.50th=[64256], 99.90th=[128512], 99.95th=[146432],
     | 99.99th=[166912]
    bw (KB  /s): min= 1888, max= 2275, per=6.22%, avg=2041.79, stdev=107.72
    lat (usec) : 500=0.35%, 750=1.15%, 1000=0.84%
    lat (msec) : 2=2.77%, 4=5.61%, 10=17.48%, 20=27.27%, 50=43.61%
    lat (msec) : 100=0.74%, 250=0.18%
  cpu          : usr=0.20%, sys=0.89%, ctx=6172, majf=0, minf=22
  IO depths    : 1=0.1%, 2=0.1%, 4=0.1%, 8=99.9%, 16=0.0%, 32=0.0%, >=64=0.0%
     submit    : 0=0.0%, 4=100.0%, 8=0.0%, 16=0.0%, 32=0.0%, 64=0.0%, >=64=0.0%
     complete  : 0=0.0%, 4=100.0%, 8=0.0%, 16=0.1%, 32=0.0%, 64=0.0%, >=64=0.0%
     issued    : total=r=5120/w=0/d=0, short=r=0/w=0/d=0
     latency   : target=0, window=0, percentile=100.00%, depth=10
rand-read: (groupid=1, jobs=1): err= 0: pid=4127: Thu Feb 11 16:02:35 2016
  read : io=20480KB, bw=2052.4KB/s, iops=513, runt=  9979msec
    slat (usec): min=4, max=5359, avg=791.97, stdev=1237.25
    clat (usec): min=393, max=166928, avg=18693.16, stdev=12899.34
     lat (usec): min=401, max=166938, avg=19485.50, stdev=13006.61
    clat percentiles (usec):
     |  1.00th=[  652],  5.00th=[ 1448], 10.00th=[ 3472], 20.00th=[ 6880],
     | 30.00th=[10688], 40.00th=[14400], 50.00th=[18048], 60.00th=[21888],
     | 70.00th=[25216], 80.00th=[29056], 90.00th=[33024], 95.00th=[35072],
     | 99.00th=[56576], 99.50th=[75264], 99.90th=[126464], 99.95th=[142336],
     | 99.99th=[166912]
    bw (KB  /s): min= 1836, max= 2136, per=6.07%, avg=1993.32, stdev=93.28
    lat (usec) : 500=0.31%, 750=1.52%, 1000=1.46%
    lat (msec) : 2=3.01%, 4=5.18%, 10=16.68%, 20=26.89%, 50=43.59%
    lat (msec) : 100=1.13%, 250=0.21%
  cpu          : usr=0.36%, sys=0.72%, ctx=6043, majf=0, minf=22
  IO depths    : 1=0.1%, 2=0.1%, 4=0.1%, 8=99.9%, 16=0.0%, 32=0.0%, >=64=0.0%
     submit    : 0=0.0%, 4=100.0%, 8=0.0%, 16=0.0%, 32=0.0%, 64=0.0%, >=64=0.0%
     complete  : 0=0.0%, 4=100.0%, 8=0.0%, 16=0.1%, 32=0.0%, 64=0.0%, >=64=0.0%
     issued    : total=r=5120/w=0/d=0, short=r=0/w=0/d=0
     latency   : target=0, window=0, percentile=100.00%, depth=10
rand-read: (groupid=1, jobs=1): err= 0: pid=4128: Thu Feb 11 16:02:35 2016
  read : io=20480KB, bw=2075.5KB/s, iops=518, runt=  9868msec
    slat (usec): min=4, max=5352, avg=789.06, stdev=1234.03
    clat (usec): min=258, max=132814, avg=18471.81, stdev=11853.59
     lat (usec): min=265, max=135920, avg=19261.22, stdev=11966.66
    clat percentiles (usec):
     |  1.00th=[  684],  5.00th=[ 1816], 10.00th=[ 3536], 20.00th=[ 7264],
     | 30.00th=[10688], 40.00th=[14272], 50.00th=[18048], 60.00th=[21632],
     | 70.00th=[25216], 80.00th=[29056], 90.00th=[32640], 95.00th=[34560],
     | 99.00th=[45824], 99.50th=[65280], 99.90th=[94720], 99.95th=[111104],
     | 99.99th=[132096]
    bw (KB  /s): min= 1812, max= 2183, per=6.12%, avg=2008.84, stdev=86.29
    lat (usec) : 500=0.35%, 750=1.13%, 1000=1.25%
    lat (msec) : 2=2.91%, 4=5.84%, 10=16.15%, 20=28.03%, 50=43.44%
    lat (msec) : 100=0.82%, 250=0.08%
  cpu          : usr=0.36%, sys=0.73%, ctx=5983, majf=0, minf=21
  IO depths    : 1=0.1%, 2=0.1%, 4=0.1%, 8=99.9%, 16=0.0%, 32=0.0%, >=64=0.0%
     submit    : 0=0.0%, 4=100.0%, 8=0.0%, 16=0.0%, 32=0.0%, 64=0.0%, >=64=0.0%
     complete  : 0=0.0%, 4=100.0%, 8=0.0%, 16=0.1%, 32=0.0%, 64=0.0%, >=64=0.0%
     issued    : total=r=5120/w=0/d=0, short=r=0/w=0/d=0
     latency   : target=0, window=0, percentile=100.00%, depth=10
rand-read: (groupid=1, jobs=1): err= 0: pid=4129: Thu Feb 11 16:02:35 2016
  read : io=20480KB, bw=2063.5KB/s, iops=515, runt=  9925msec
    slat (usec): min=4, max=5172, avg=794.57, stdev=1229.35
    clat (usec): min=363, max=168496, avg=18584.86, stdev=11853.87
     lat (usec): min=371, max=168511, avg=19379.80, stdev=11933.89
    clat percentiles (usec):
     |  1.00th=[  708],  5.00th=[ 1816], 10.00th=[ 3696], 20.00th=[ 7456],
     | 30.00th=[11200], 40.00th=[14400], 50.00th=[18560], 60.00th=[21888],
     | 70.00th=[25216], 80.00th=[29056], 90.00th=[32384], 95.00th=[34560],
     | 99.00th=[42752], 99.50th=[55040], 99.90th=[105984], 99.95th=[148480],
     | 99.99th=[168960]
    bw (KB  /s): min= 1896, max= 2119, per=6.15%, avg=2018.11, stdev=62.56
    lat (usec) : 500=0.35%, 750=0.74%, 1000=0.94%
    lat (msec) : 2=3.48%, 4=5.57%, 10=15.61%, 20=27.68%, 50=44.82%
    lat (msec) : 100=0.68%, 250=0.14%
  cpu          : usr=0.20%, sys=0.93%, ctx=6048, majf=0, minf=23
  IO depths    : 1=0.1%, 2=0.1%, 4=0.1%, 8=99.9%, 16=0.0%, 32=0.0%, >=64=0.0%
     submit    : 0=0.0%, 4=100.0%, 8=0.0%, 16=0.0%, 32=0.0%, 64=0.0%, >=64=0.0%
     complete  : 0=0.0%, 4=100.0%, 8=0.0%, 16=0.1%, 32=0.0%, 64=0.0%, >=64=0.0%
     issued    : total=r=5120/w=0/d=0, short=r=0/w=0/d=0
     latency   : target=0, window=0, percentile=100.00%, depth=10
rand-read: (groupid=1, jobs=1): err= 0: pid=4130: Thu Feb 11 16:02:35 2016
  read : io=20480KB, bw=2054.6KB/s, iops=513, runt=  9968msec
    slat (usec): min=4, max=16337, avg=797.19, stdev=1252.66
    clat (usec): min=334, max=126554, avg=18667.16, stdev=11747.25
     lat (usec): min=343, max=128388, avg=19464.73, stdev=11844.66
    clat percentiles (usec):
     |  1.00th=[  676],  5.00th=[ 1688], 10.00th=[ 3696], 20.00th=[ 7456],
     | 30.00th=[11072], 40.00th=[14656], 50.00th=[18304], 60.00th=[21888],
     | 70.00th=[25728], 80.00th=[29312], 90.00th=[32640], 95.00th=[35072],
     | 99.00th=[49408], 99.50th=[61184], 99.90th=[91648], 99.95th=[116224],
     | 99.99th=[126464]
    bw (KB  /s): min= 1841, max= 2256, per=6.12%, avg=2008.47, stdev=96.48
    lat (usec) : 500=0.29%, 750=1.17%, 1000=1.05%
    lat (msec) : 2=3.14%, 4=5.25%, 10=16.19%, 20=27.68%, 50=44.28%
    lat (msec) : 100=0.86%, 250=0.08%
  cpu          : usr=0.36%, sys=0.72%, ctx=6062, majf=0, minf=23
  IO depths    : 1=0.1%, 2=0.1%, 4=0.1%, 8=99.9%, 16=0.0%, 32=0.0%, >=64=0.0%
     submit    : 0=0.0%, 4=100.0%, 8=0.0%, 16=0.0%, 32=0.0%, 64=0.0%, >=64=0.0%
     complete  : 0=0.0%, 4=100.0%, 8=0.0%, 16=0.1%, 32=0.0%, 64=0.0%, >=64=0.0%
     issued    : total=r=5120/w=0/d=0, short=r=0/w=0/d=0
     latency   : target=0, window=0, percentile=100.00%, depth=10
rand-read: (groupid=1, jobs=1): err= 0: pid=4131: Thu Feb 11 16:02:35 2016
  read : io=20480KB, bw=2073.8KB/s, iops=518, runt=  9876msec
    slat (usec): min=4, max=15874, avg=798.94, stdev=1245.62
    clat (usec): min=290, max=152269, avg=18483.76, stdev=12004.01
     lat (usec): min=298, max=156117, avg=19283.05, stdev=12105.47
    clat percentiles (usec):
     |  1.00th=[  676],  5.00th=[ 2064], 10.00th=[ 3888], 20.00th=[ 7584],
     | 30.00th=[10816], 40.00th=[14400], 50.00th=[17792], 60.00th=[21376],
     | 70.00th=[24960], 80.00th=[28544], 90.00th=[32384], 95.00th=[34560],
     | 99.00th=[46336], 99.50th=[63744], 99.90th=[123392], 99.95th=[148480],
     | 99.99th=[152576]
    bw (KB  /s): min= 1786, max= 2584, per=6.23%, avg=2045.68, stdev=155.76
    lat (usec) : 500=0.41%, 750=0.74%, 1000=0.94%
    lat (msec) : 2=2.60%, 4=5.55%, 10=17.21%, 20=28.57%, 50=43.09%
    lat (msec) : 100=0.74%, 250=0.16%
  cpu          : usr=0.28%, sys=0.85%, ctx=6137, majf=0, minf=23
  IO depths    : 1=0.1%, 2=0.1%, 4=0.1%, 8=99.9%, 16=0.0%, 32=0.0%, >=64=0.0%
     submit    : 0=0.0%, 4=100.0%, 8=0.0%, 16=0.0%, 32=0.0%, 64=0.0%, >=64=0.0%
     complete  : 0=0.0%, 4=100.0%, 8=0.0%, 16=0.1%, 32=0.0%, 64=0.0%, >=64=0.0%
     issued    : total=r=5120/w=0/d=0, short=r=0/w=0/d=0
     latency   : target=0, window=0, percentile=100.00%, depth=10
rand-read: (groupid=1, jobs=1): err= 0: pid=4132: Thu Feb 11 16:02:35 2016
  read : io=20480KB, bw=2057.3KB/s, iops=514, runt=  9955msec
    slat (usec): min=4, max=7066, avg=807.83, stdev=1238.07
    clat (usec): min=286, max=178011, avg=18630.35, stdev=12026.06
     lat (usec): min=292, max=180994, avg=19438.54, stdev=12129.20
    clat percentiles (usec):
     |  1.00th=[  644],  5.00th=[ 1768], 10.00th=[ 3760], 20.00th=[ 7264],
     | 30.00th=[11072], 40.00th=[14784], 50.00th=[18304], 60.00th=[21888],
     | 70.00th=[25216], 80.00th=[28800], 90.00th=[32384], 95.00th=[34560],
     | 99.00th=[46336], 99.50th=[63232], 99.90th=[104960], 99.95th=[132096],
     | 99.99th=[177152]
    bw (KB  /s): min= 1824, max= 2350, per=6.11%, avg=2005.58, stdev=128.26
    lat (usec) : 500=0.33%, 750=1.23%, 1000=1.13%
    lat (msec) : 2=3.01%, 4=5.02%, 10=16.41%, 20=27.36%, 50=44.79%
    lat (msec) : 100=0.61%, 250=0.12%
  cpu          : usr=0.08%, sys=1.00%, ctx=6233, majf=0, minf=23
  IO depths    : 1=0.1%, 2=0.1%, 4=0.1%, 8=99.9%, 16=0.0%, 32=0.0%, >=64=0.0%
     submit    : 0=0.0%, 4=100.0%, 8=0.0%, 16=0.0%, 32=0.0%, 64=0.0%, >=64=0.0%
     complete  : 0=0.0%, 4=100.0%, 8=0.0%, 16=0.1%, 32=0.0%, 64=0.0%, >=64=0.0%
     issued    : total=r=5120/w=0/d=0, short=r=0/w=0/d=0
     latency   : target=0, window=0, percentile=100.00%, depth=10
rand-read: (groupid=1, jobs=1): err= 0: pid=4133: Thu Feb 11 16:02:35 2016
  read : io=20480KB, bw=2075.9KB/s, iops=518, runt=  9866msec
    slat (usec): min=4, max=5666, avg=801.78, stdev=1235.27
    clat (usec): min=364, max=179501, avg=18461.86, stdev=12403.12
     lat (usec): min=371, max=179516, avg=19264.00, stdev=12506.47
    clat percentiles (usec):
     |  1.00th=[  748],  5.00th=[ 1912], 10.00th=[ 3792], 20.00th=[ 7200],
     | 30.00th=[10816], 40.00th=[14400], 50.00th=[17792], 60.00th=[21376],
     | 70.00th=[24704], 80.00th=[28800], 90.00th=[32384], 95.00th=[34560],
     | 99.00th=[49408], 99.50th=[68096], 99.90th=[119296], 99.95th=[154624],
     | 99.99th=[179200]
    bw (KB  /s): min= 1888, max= 2253, per=6.18%, avg=2030.84, stdev=92.29
    lat (usec) : 500=0.25%, 750=0.78%, 1000=0.82%
    lat (msec) : 2=3.48%, 4=5.45%, 10=17.11%, 20=27.52%, 50=43.63%
    lat (msec) : 100=0.78%, 250=0.18%
  cpu          : usr=0.20%, sys=0.89%, ctx=6101, majf=0, minf=21
  IO depths    : 1=0.1%, 2=0.1%, 4=0.1%, 8=99.9%, 16=0.0%, 32=0.0%, >=64=0.0%
     submit    : 0=0.0%, 4=100.0%, 8=0.0%, 16=0.0%, 32=0.0%, 64=0.0%, >=64=0.0%
     complete  : 0=0.0%, 4=100.0%, 8=0.0%, 16=0.1%, 32=0.0%, 64=0.0%, >=64=0.0%
     issued    : total=r=5120/w=0/d=0, short=r=0/w=0/d=0
     latency   : target=0, window=0, percentile=100.00%, depth=10
rand-read: (groupid=1, jobs=1): err= 0: pid=4134: Thu Feb 11 16:02:35 2016
  read : io=20480KB, bw=2069.4KB/s, iops=517, runt=  9897msec
    slat (usec): min=4, max=4937, avg=779.89, stdev=1216.37
    clat (usec): min=307, max=160013, avg=18538.44, stdev=11885.56
     lat (usec): min=314, max=160021, avg=19318.70, stdev=11944.88
    clat percentiles (usec):
     |  1.00th=[  644],  5.00th=[ 2256], 10.00th=[ 3984], 20.00th=[ 7456],
     | 30.00th=[10816], 40.00th=[14272], 50.00th=[18048], 60.00th=[21632],
     | 70.00th=[24960], 80.00th=[29056], 90.00th=[32640], 95.00th=[35072],
     | 99.00th=[41728], 99.50th=[63232], 99.90th=[117248], 99.95th=[126464],
     | 99.99th=[160768]
    bw (KB  /s): min= 1856, max= 2331, per=6.21%, avg=2037.74, stdev=118.71
    lat (usec) : 500=0.45%, 750=0.94%, 1000=0.61%
    lat (msec) : 2=2.40%, 4=5.68%, 10=17.62%, 20=27.56%, 50=43.91%
    lat (msec) : 100=0.70%, 250=0.14%
  cpu          : usr=0.32%, sys=0.77%, ctx=5973, majf=0, minf=23
  IO depths    : 1=0.1%, 2=0.1%, 4=0.1%, 8=99.9%, 16=0.0%, 32=0.0%, >=64=0.0%
     submit    : 0=0.0%, 4=100.0%, 8=0.0%, 16=0.0%, 32=0.0%, 64=0.0%, >=64=0.0%
     complete  : 0=0.0%, 4=100.0%, 8=0.0%, 16=0.1%, 32=0.0%, 64=0.0%, >=64=0.0%
     issued    : total=r=5120/w=0/d=0, short=r=0/w=0/d=0
     latency   : target=0, window=0, percentile=100.00%, depth=10
seq-write: (groupid=2, jobs=1): err= 0: pid=4136: Thu Feb 11 16:02:35 2016
  write: io=20480KB, bw=8670.7KB/s, iops=2167, runt=  2362msec
    slat (usec): min=5, max=687, avg= 7.18, stdev=10.37
    clat (usec): min=434, max=1031.7K, avg=4599.34, stdev=45426.78
     lat (usec): min=452, max=1031.8K, avg=4606.80, stdev=45430.53
    clat percentiles (usec):
     |  1.00th=[ 1304],  5.00th=[ 1448], 10.00th=[ 1464], 20.00th=[ 1528],
     | 30.00th=[ 1928], 40.00th=[ 2384], 50.00th=[ 2512], 60.00th=[ 2896],
     | 70.00th=[ 2928], 80.00th=[ 3280], 90.00th=[ 4256], 95.00th=[ 4256],
     | 99.00th=[ 4384], 99.50th=[ 4448], 99.90th=[1028096], 99.95th=[1028096],
     | 99.99th=[1028096]
    bw (KB  /s): min=    3, max=15482, per=7.40%, avg=10261.00, stdev=8884.16
    lat (usec) : 500=0.04%, 750=0.25%, 1000=0.08%
    lat (msec) : 2=35.64%, 4=51.31%, 10=12.48%, 2000=0.20%
  cpu          : usr=0.34%, sys=1.86%, ctx=575, majf=0, minf=17
  IO depths    : 1=0.1%, 2=0.1%, 4=0.1%, 8=99.9%, 16=0.0%, 32=0.0%, >=64=0.0%
     submit    : 0=0.0%, 4=100.0%, 8=0.0%, 16=0.0%, 32=0.0%, 64=0.0%, >=64=0.0%
     complete  : 0=0.0%, 4=100.0%, 8=0.0%, 16=0.1%, 32=0.0%, 64=0.0%, >=64=0.0%
     issued    : total=r=0/w=5120/d=0, short=r=0/w=0/d=0
     latency   : target=0, window=0, percentile=100.00%, depth=10
seq-write: (groupid=2, jobs=1): err= 0: pid=4137: Thu Feb 11 16:02:35 2016
  write: io=20480KB, bw=19864KB/s, iops=4966, runt=  1031msec
    slat (usec): min=5, max=81, avg=10.13, stdev= 5.44
    clat (usec): min=270, max=4758, avg=1999.53, stdev=770.73
     lat (usec): min=328, max=4764, avg=2009.95, stdev=770.41
    clat percentiles (usec):
     |  1.00th=[ 1048],  5.00th=[ 1192], 10.00th=[ 1208], 20.00th=[ 1240],
     | 30.00th=[ 1272], 40.00th=[ 1336], 50.00th=[ 2128], 60.00th=[ 2192],
     | 70.00th=[ 2608], 80.00th=[ 2672], 90.00th=[ 2736], 95.00th=[ 3184],
     | 99.00th=[ 4128], 99.50th=[ 4128], 99.90th=[ 4256], 99.95th=[ 4256],
     | 99.99th=[ 4768]
    bw (KB  /s): min=19840, max=19872, per=14.32%, avg=19856.00, stdev=22.63
    lat (usec) : 500=0.21%, 750=0.27%, 1000=0.35%
    lat (msec) : 2=45.41%, 4=50.49%, 10=3.26%
  cpu          : usr=1.94%, sys=4.66%, ctx=528, majf=0, minf=16
  IO depths    : 1=0.1%, 2=0.1%, 4=0.1%, 8=99.9%, 16=0.0%, 32=0.0%, >=64=0.0%
     submit    : 0=0.0%, 4=100.0%, 8=0.0%, 16=0.0%, 32=0.0%, 64=0.0%, >=64=0.0%
     complete  : 0=0.0%, 4=100.0%, 8=0.0%, 16=0.1%, 32=0.0%, 64=0.0%, >=64=0.0%
     issued    : total=r=0/w=5120/d=0, short=r=0/w=0/d=0
     latency   : target=0, window=0, percentile=100.00%, depth=10
seq-write: (groupid=2, jobs=1): err= 0: pid=4138: Thu Feb 11 16:02:35 2016
  write: io=20480KB, bw=8674.3KB/s, iops=2168, runt=  2361msec
    slat (usec): min=5, max=65, avg= 7.41, stdev= 3.32
    clat (usec): min=296, max=1031.8K, avg=4597.35, stdev=45447.68
     lat (usec): min=313, max=1031.9K, avg=4605.06, stdev=45449.06
    clat percentiles (usec):
     |  1.00th=[ 1176],  5.00th=[ 1448], 10.00th=[ 1464], 20.00th=[ 1544],
     | 30.00th=[ 1928], 40.00th=[ 2352], 50.00th=[ 2544], 60.00th=[ 2864],
     | 70.00th=[ 2928], 80.00th=[ 3312], 90.00th=[ 4192], 95.00th=[ 4320],
     | 99.00th=[ 4576], 99.50th=[ 5024], 99.90th=[1028096], 99.95th=[1028096],
     | 99.99th=[1028096]
    bw (KB  /s): min=    3, max=15568, per=7.42%, avg=10289.67, stdev=8909.54
    lat (usec) : 500=0.08%, 750=0.45%, 1000=0.16%
    lat (msec) : 2=36.58%, 4=49.59%, 10=12.95%, 2000=0.20%
  cpu          : usr=0.68%, sys=1.69%, ctx=560, majf=0, minf=20
  IO depths    : 1=0.1%, 2=0.1%, 4=0.1%, 8=99.9%, 16=0.0%, 32=0.0%, >=64=0.0%
     submit    : 0=0.0%, 4=100.0%, 8=0.0%, 16=0.0%, 32=0.0%, 64=0.0%, >=64=0.0%
     complete  : 0=0.0%, 4=100.0%, 8=0.0%, 16=0.1%, 32=0.0%, 64=0.0%, >=64=0.0%
     issued    : total=r=0/w=5120/d=0, short=r=0/w=0/d=0
     latency   : target=0, window=0, percentile=100.00%, depth=10
seq-write: (groupid=2, jobs=1): err= 0: pid=4139: Thu Feb 11 16:02:35 2016
  write: io=20480KB, bw=8663.3KB/s, iops=2165, runt=  2364msec
    slat (usec): min=5, max=58, avg=10.18, stdev= 4.69
    clat (usec): min=377, max=1033.8K, avg=4599.62, stdev=45527.56
     lat (usec): min=394, max=1033.8K, avg=4610.10, stdev=45528.48
    clat percentiles (usec):
     |  1.00th=[ 1352],  5.00th=[ 1432], 10.00th=[ 1448], 20.00th=[ 1528],
     | 30.00th=[ 1944], 40.00th=[ 2352], 50.00th=[ 2480], 60.00th=[ 2864],
     | 70.00th=[ 2928], 80.00th=[ 3312], 90.00th=[ 4256], 95.00th=[ 4320],
     | 99.00th=[ 4384], 99.50th=[ 4512], 99.90th=[1036288], 99.95th=[1036288],
     | 99.99th=[1036288]
    bw (KB  /s): min=    3, max=15568, per=7.42%, avg=10291.67, stdev=8911.22
    lat (usec) : 500=0.10%, 750=0.10%
    lat (msec) : 2=36.72%, 4=50.45%, 10=12.44%, 2000=0.20%
  cpu          : usr=1.02%, sys=2.20%, ctx=1959, majf=0, minf=22
  IO depths    : 1=0.1%, 2=0.1%, 4=0.1%, 8=99.9%, 16=0.0%, 32=0.0%, >=64=0.0%
     submit    : 0=0.0%, 4=100.0%, 8=0.0%, 16=0.0%, 32=0.0%, 64=0.0%, >=64=0.0%
     complete  : 0=0.0%, 4=100.0%, 8=0.0%, 16=0.1%, 32=0.0%, 64=0.0%, >=64=0.0%
     issued    : total=r=0/w=5120/d=0, short=r=0/w=0/d=0
     latency   : target=0, window=0, percentile=100.00%, depth=10
seq-write: (groupid=2, jobs=1): err= 0: pid=4140: Thu Feb 11 16:02:35 2016
  write: io=20480KB, bw=8663.3KB/s, iops=2165, runt=  2364msec
    slat (usec): min=5, max=65, avg= 9.53, stdev= 4.40
    clat (usec): min=376, max=1031.6K, avg=4601.03, stdev=45431.77
     lat (usec): min=388, max=1031.6K, avg=4610.87, stdev=45433.30
    clat percentiles (usec):
     |  1.00th=[ 1368],  5.00th=[ 1432], 10.00th=[ 1464], 20.00th=[ 1544],
     | 30.00th=[ 1944], 40.00th=[ 2384], 50.00th=[ 2544], 60.00th=[ 2864],
     | 70.00th=[ 2928], 80.00th=[ 3280], 90.00th=[ 4192], 95.00th=[ 4256],
     | 99.00th=[ 4384], 99.50th=[ 4576], 99.90th=[1028096], 99.95th=[1028096],
     | 99.99th=[1028096]
    bw (KB  /s): min=    3, max=15466, per=7.41%, avg=10273.67, stdev=8894.84
    lat (usec) : 500=0.18%, 750=0.10%, 1000=0.08%
    lat (msec) : 2=35.72%, 4=51.39%, 10=12.34%, 2000=0.20%
  cpu          : usr=0.85%, sys=2.20%, ctx=1521, majf=0, minf=18
  IO depths    : 1=0.1%, 2=0.1%, 4=0.1%, 8=99.9%, 16=0.0%, 32=0.0%, >=64=0.0%
     submit    : 0=0.0%, 4=100.0%, 8=0.0%, 16=0.0%, 32=0.0%, 64=0.0%, >=64=0.0%
     complete  : 0=0.0%, 4=100.0%, 8=0.0%, 16=0.1%, 32=0.0%, 64=0.0%, >=64=0.0%
     issued    : total=r=0/w=5120/d=0, short=r=0/w=0/d=0
     latency   : target=0, window=0, percentile=100.00%, depth=10
seq-write: (groupid=2, jobs=1): err= 0: pid=4141: Thu Feb 11 16:02:35 2016
  write: io=20480KB, bw=19864KB/s, iops=4966, runt=  1031msec
    slat (usec): min=5, max=91, avg= 7.36, stdev= 3.42
    clat (usec): min=328, max=4482, avg=2003.38, stdev=778.58
     lat (usec): min=338, max=4498, avg=2011.03, stdev=778.33
    clat percentiles (usec):
     |  1.00th=[ 1128],  5.00th=[ 1192], 10.00th=[ 1208], 20.00th=[ 1240],
     | 30.00th=[ 1272], 40.00th=[ 1336], 50.00th=[ 2128], 60.00th=[ 2192],
     | 70.00th=[ 2608], 80.00th=[ 2672], 90.00th=[ 2736], 95.00th=[ 3184],
     | 99.00th=[ 4128], 99.50th=[ 4128], 99.90th=[ 4192], 99.95th=[ 4320],
     | 99.99th=[ 4512]
    bw (KB  /s): min=19840, max=19848, per=14.32%, avg=19844.00, stdev= 5.66
    lat (usec) : 500=0.21%, 750=0.06%, 1000=0.25%
    lat (msec) : 2=46.23%, 4=49.65%, 10=3.59%
  cpu          : usr=1.55%, sys=3.50%, ctx=524, majf=0, minf=18
  IO depths    : 1=0.1%, 2=0.1%, 4=0.1%, 8=99.9%, 16=0.0%, 32=0.0%, >=64=0.0%
     submit    : 0=0.0%, 4=100.0%, 8=0.0%, 16=0.0%, 32=0.0%, 64=0.0%, >=64=0.0%
     complete  : 0=0.0%, 4=100.0%, 8=0.0%, 16=0.1%, 32=0.0%, 64=0.0%, >=64=0.0%
     issued    : total=r=0/w=5120/d=0, short=r=0/w=0/d=0
     latency   : target=0, window=0, percentile=100.00%, depth=10
seq-write: (groupid=2, jobs=1): err= 0: pid=4142: Thu Feb 11 16:02:35 2016
  write: io=20480KB, bw=19845KB/s, iops=4961, runt=  1032msec
    slat (usec): min=5, max=59, avg= 9.99, stdev= 4.86
    clat (usec): min=277, max=4344, avg=2002.20, stdev=778.17
     lat (usec): min=308, max=4350, avg=2012.48, stdev=778.00
    clat percentiles (usec):
     |  1.00th=[ 1160],  5.00th=[ 1192], 10.00th=[ 1208], 20.00th=[ 1240],
     | 30.00th=[ 1272], 40.00th=[ 1336], 50.00th=[ 2128], 60.00th=[ 2192],
     | 70.00th=[ 2608], 80.00th=[ 2672], 90.00th=[ 2736], 95.00th=[ 3184],
     | 99.00th=[ 4128], 99.50th=[ 4128], 99.90th=[ 4320], 99.95th=[ 4320],
     | 99.99th=[ 4320]
    bw (KB  /s): min=19784, max=19840, per=14.29%, avg=19812.00, stdev=39.60
    lat (usec) : 500=0.25%, 750=0.14%, 1000=0.04%
    lat (msec) : 2=46.27%, 4=49.53%, 10=3.77%
  cpu          : usr=2.33%, sys=4.27%, ctx=1032, majf=0, minf=18
  IO depths    : 1=0.1%, 2=0.1%, 4=0.1%, 8=99.9%, 16=0.0%, 32=0.0%, >=64=0.0%
     submit    : 0=0.0%, 4=100.0%, 8=0.0%, 16=0.0%, 32=0.0%, 64=0.0%, >=64=0.0%
     complete  : 0=0.0%, 4=100.0%, 8=0.0%, 16=0.1%, 32=0.0%, 64=0.0%, >=64=0.0%
     issued    : total=r=0/w=5120/d=0, short=r=0/w=0/d=0
     latency   : target=0, window=0, percentile=100.00%, depth=10
seq-write: (groupid=2, jobs=1): err= 0: pid=4143: Thu Feb 11 16:02:35 2016
  write: io=20480KB, bw=19845KB/s, iops=4961, runt=  1032msec
    slat (usec): min=5, max=62, avg= 9.07, stdev= 4.93
    clat (usec): min=271, max=5242, avg=2002.81, stdev=773.86
     lat (usec): min=306, max=5251, avg=2012.18, stdev=773.64
    clat percentiles (usec):
     |  1.00th=[ 1144],  5.00th=[ 1192], 10.00th=[ 1208], 20.00th=[ 1240],
     | 30.00th=[ 1288], 40.00th=[ 1352], 50.00th=[ 2128], 60.00th=[ 2192],
     | 70.00th=[ 2608], 80.00th=[ 2672], 90.00th=[ 2768], 95.00th=[ 3152],
     | 99.00th=[ 4128], 99.50th=[ 4128], 99.90th=[ 4256], 99.95th=[ 5216],
     | 99.99th=[ 5216]
    bw (KB  /s): min=19840, max=19888, per=14.33%, avg=19864.00, stdev=33.94
    lat (usec) : 500=0.23%, 750=0.02%, 1000=0.16%
    lat (msec) : 2=46.39%, 4=49.57%, 10=3.63%
  cpu          : usr=2.72%, sys=3.10%, ctx=530, majf=0, minf=19
  IO depths    : 1=0.1%, 2=0.1%, 4=0.1%, 8=99.9%, 16=0.0%, 32=0.0%, >=64=0.0%
     submit    : 0=0.0%, 4=100.0%, 8=0.0%, 16=0.0%, 32=0.0%, 64=0.0%, >=64=0.0%
     complete  : 0=0.0%, 4=100.0%, 8=0.0%, 16=0.1%, 32=0.0%, 64=0.0%, >=64=0.0%
     issued    : total=r=0/w=5120/d=0, short=r=0/w=0/d=0
     latency   : target=0, window=0, percentile=100.00%, depth=10
seq-write: (groupid=2, jobs=1): err= 0: pid=4144: Thu Feb 11 16:02:35 2016
  write: io=20480KB, bw=19845KB/s, iops=4961, runt=  1032msec
    slat (usec): min=5, max=74, avg=11.25, stdev= 5.67
    clat (usec): min=430, max=4271, avg=2000.83, stdev=771.95
     lat (usec): min=495, max=4280, avg=2012.39, stdev=771.77
    clat percentiles (usec):
     |  1.00th=[ 1144],  5.00th=[ 1192], 10.00th=[ 1208], 20.00th=[ 1240],
     | 30.00th=[ 1272], 40.00th=[ 1336], 50.00th=[ 2128], 60.00th=[ 2192],
     | 70.00th=[ 2608], 80.00th=[ 2672], 90.00th=[ 2736], 95.00th=[ 3152],
     | 99.00th=[ 4128], 99.50th=[ 4128], 99.90th=[ 4192], 99.95th=[ 4192],
     | 99.99th=[ 4256]
    bw (KB  /s): min=19792, max=19840, per=14.30%, avg=19816.00, stdev=33.94
    lat (usec) : 500=0.06%, 750=0.16%, 1000=0.10%
    lat (msec) : 2=46.33%, 4=49.82%, 10=3.54%
  cpu          : usr=0.78%, sys=6.60%, ctx=1047, majf=0, minf=18
  IO depths    : 1=0.1%, 2=0.1%, 4=0.1%, 8=99.9%, 16=0.0%, 32=0.0%, >=64=0.0%
     submit    : 0=0.0%, 4=100.0%, 8=0.0%, 16=0.0%, 32=0.0%, 64=0.0%, >=64=0.0%
     complete  : 0=0.0%, 4=100.0%, 8=0.0%, 16=0.1%, 32=0.0%, 64=0.0%, >=64=0.0%
     issued    : total=r=0/w=5120/d=0, short=r=0/w=0/d=0
     latency   : target=0, window=0, percentile=100.00%, depth=10
seq-write: (groupid=2, jobs=1): err= 0: pid=4145: Thu Feb 11 16:02:35 2016
  write: io=20480KB, bw=19845KB/s, iops=4961, runt=  1032msec
    slat (usec): min=5, max=59, avg=11.82, stdev= 4.81
    clat (usec): min=256, max=4270, avg=2000.14, stdev=771.78
     lat (usec): min=294, max=4275, avg=2012.27, stdev=771.41
    clat percentiles (usec):
     |  1.00th=[ 1128],  5.00th=[ 1192], 10.00th=[ 1208], 20.00th=[ 1240],
     | 30.00th=[ 1272], 40.00th=[ 1336], 50.00th=[ 2128], 60.00th=[ 2192],
     | 70.00th=[ 2608], 80.00th=[ 2672], 90.00th=[ 2736], 95.00th=[ 3184],
     | 99.00th=[ 4128], 99.50th=[ 4128], 99.90th=[ 4256], 99.95th=[ 4256],
     | 99.99th=[ 4256]
    bw (KB  /s): min=19840, max=19872, per=14.32%, avg=19856.00, stdev=22.63
    lat (usec) : 500=0.23%, 750=0.18%, 1000=0.08%
    lat (msec) : 2=45.86%, 4=50.14%, 10=3.52%
  cpu          : usr=1.55%, sys=6.21%, ctx=1036, majf=0, minf=16
  IO depths    : 1=0.1%, 2=0.1%, 4=0.1%, 8=99.9%, 16=0.0%, 32=0.0%, >=64=0.0%
     submit    : 0=0.0%, 4=100.0%, 8=0.0%, 16=0.0%, 32=0.0%, 64=0.0%, >=64=0.0%
     complete  : 0=0.0%, 4=100.0%, 8=0.0%, 16=0.1%, 32=0.0%, 64=0.0%, >=64=0.0%
     issued    : total=r=0/w=5120/d=0, short=r=0/w=0/d=0
     latency   : target=0, window=0, percentile=100.00%, depth=10
seq-write: (groupid=2, jobs=1): err= 0: pid=4146: Thu Feb 11 16:02:35 2016
  write: io=20480KB, bw=8674.3KB/s, iops=2168, runt=  2361msec
    slat (usec): min=5, max=60, avg= 7.97, stdev= 3.68
    clat (usec): min=280, max=1030.1K, avg=4599.18, stdev=45411.22
     lat (usec): min=289, max=1030.1K, avg=4607.43, stdev=45412.33
    clat percentiles (usec):
     |  1.00th=[ 1256],  5.00th=[ 1416], 10.00th=[ 1432], 20.00th=[ 1512],
     | 30.00th=[ 1960], 40.00th=[ 2352], 50.00th=[ 2512], 60.00th=[ 2896],
     | 70.00th=[ 2928], 80.00th=[ 3312], 90.00th=[ 4256], 95.00th=[ 4320],
     | 99.00th=[ 4512], 99.50th=[ 5152], 99.90th=[1028096], 99.95th=[1028096],
     | 99.99th=[1028096]
    bw (KB  /s): min=    3, max=15536, per=7.41%, avg=10273.00, stdev=8895.00
    lat (usec) : 500=0.06%, 750=0.02%, 1000=0.10%
    lat (msec) : 2=35.10%, 4=51.80%, 10=12.73%, 2000=0.20%
  cpu          : usr=0.68%, sys=1.69%, ctx=610, majf=0, minf=20
  IO depths    : 1=0.1%, 2=0.1%, 4=0.1%, 8=99.9%, 16=0.0%, 32=0.0%, >=64=0.0%
     submit    : 0=0.0%, 4=100.0%, 8=0.0%, 16=0.0%, 32=0.0%, 64=0.0%, >=64=0.0%
     complete  : 0=0.0%, 4=100.0%, 8=0.0%, 16=0.1%, 32=0.0%, 64=0.0%, >=64=0.0%
     issued    : total=r=0/w=5120/d=0, short=r=0/w=0/d=0
     latency   : target=0, window=0, percentile=100.00%, depth=10
seq-write: (groupid=2, jobs=1): err= 0: pid=4147: Thu Feb 11 16:02:35 2016
  write: io=20480KB, bw=19845KB/s, iops=4961, runt=  1032msec
    slat (usec): min=5, max=62, avg=11.59, stdev= 5.75
    clat (usec): min=360, max=4556, avg=2000.72, stdev=773.32
     lat (usec): min=366, max=4563, avg=2012.64, stdev=773.17
    clat percentiles (usec):
     |  1.00th=[ 1144],  5.00th=[ 1176], 10.00th=[ 1208], 20.00th=[ 1240],
     | 30.00th=[ 1272], 40.00th=[ 1336], 50.00th=[ 2128], 60.00th=[ 2192],
     | 70.00th=[ 2608], 80.00th=[ 2672], 90.00th=[ 2736], 95.00th=[ 3184],
     | 99.00th=[ 4128], 99.50th=[ 4128], 99.90th=[ 4192], 99.95th=[ 4320],
     | 99.99th=[ 4576]
    bw (KB  /s): min=19784, max=19824, per=14.29%, avg=19804.00, stdev=28.28
    lat (usec) : 500=0.27%, 750=0.14%, 1000=0.16%
    lat (msec) : 2=46.00%, 4=49.86%, 10=3.57%
  cpu          : usr=1.94%, sys=10.86%, ctx=1537, majf=0, minf=17
  IO depths    : 1=0.1%, 2=0.1%, 4=0.1%, 8=99.9%, 16=0.0%, 32=0.0%, >=64=0.0%
     submit    : 0=0.0%, 4=100.0%, 8=0.0%, 16=0.0%, 32=0.0%, 64=0.0%, >=64=0.0%
     complete  : 0=0.0%, 4=100.0%, 8=0.0%, 16=0.1%, 32=0.0%, 64=0.0%, >=64=0.0%
     issued    : total=r=0/w=5120/d=0, short=r=0/w=0/d=0
     latency   : target=0, window=0, percentile=100.00%, depth=10
seq-write: (groupid=2, jobs=1): err= 0: pid=4148: Thu Feb 11 16:02:35 2016
  write: io=20480KB, bw=8674.3KB/s, iops=2168, runt=  2361msec
    slat (usec): min=5, max=76, avg= 7.51, stdev= 3.51
    clat (usec): min=496, max=1031.8K, avg=4598.78, stdev=45432.22
     lat (usec): min=510, max=1031.8K, avg=4606.58, stdev=45433.94
    clat percentiles (usec):
     |  1.00th=[ 1176],  5.00th=[ 1448], 10.00th=[ 1464], 20.00th=[ 1528],
     | 30.00th=[ 1944], 40.00th=[ 2352], 50.00th=[ 2480], 60.00th=[ 2864],
     | 70.00th=[ 2928], 80.00th=[ 3312], 90.00th=[ 4256], 95.00th=[ 4320],
     | 99.00th=[ 4448], 99.50th=[ 5600], 99.90th=[1028096], 99.95th=[1028096],
     | 99.99th=[1028096]
    bw (KB  /s): min=    3, max=15484, per=7.40%, avg=10261.67, stdev=8884.75
    lat (usec) : 500=0.02%, 750=0.21%, 1000=0.21%
    lat (msec) : 2=36.60%, 4=50.06%, 10=12.70%, 2000=0.20%
  cpu          : usr=0.51%, sys=1.69%, ctx=537, majf=0, minf=18
  IO depths    : 1=0.1%, 2=0.1%, 4=0.1%, 8=99.9%, 16=0.0%, 32=0.0%, >=64=0.0%
     submit    : 0=0.0%, 4=100.0%, 8=0.0%, 16=0.0%, 32=0.0%, 64=0.0%, >=64=0.0%
     complete  : 0=0.0%, 4=100.0%, 8=0.0%, 16=0.1%, 32=0.0%, 64=0.0%, >=64=0.0%
     issued    : total=r=0/w=5120/d=0, short=r=0/w=0/d=0
     latency   : target=0, window=0, percentile=100.00%, depth=10
seq-write: (groupid=2, jobs=1): err= 0: pid=4149: Thu Feb 11 16:02:35 2016
  write: io=20480KB, bw=8674.3KB/s, iops=2168, runt=  2361msec
    slat (usec): min=5, max=62, avg= 7.19, stdev= 3.05
    clat (usec): min=361, max=1033.8K, avg=4598.17, stdev=45528.60
     lat (usec): min=369, max=1033.8K, avg=4605.64, stdev=45529.67
    clat percentiles (usec):
     |  1.00th=[ 1224],  5.00th=[ 1432], 10.00th=[ 1448], 20.00th=[ 1528],
     | 30.00th=[ 1944], 40.00th=[ 2352], 50.00th=[ 2480], 60.00th=[ 2864],
     | 70.00th=[ 2928], 80.00th=[ 3312], 90.00th=[ 4256], 95.00th=[ 4320],
     | 99.00th=[ 4384], 99.50th=[ 5152], 99.90th=[1036288], 99.95th=[1036288],
     | 99.99th=[1036288]
    bw (KB  /s): min=    3, max=15648, per=7.44%, avg=10310.67, stdev=8928.59
    lat (usec) : 500=0.04%, 750=0.41%, 1000=0.04%
    lat (msec) : 2=36.84%, 4=49.79%, 10=12.70%, 2000=0.20%
  cpu          : usr=0.85%, sys=1.36%, ctx=631, majf=0, minf=15
  IO depths    : 1=0.1%, 2=0.1%, 4=0.1%, 8=99.9%, 16=0.0%, 32=0.0%, >=64=0.0%
     submit    : 0=0.0%, 4=100.0%, 8=0.0%, 16=0.0%, 32=0.0%, 64=0.0%, >=64=0.0%
     complete  : 0=0.0%, 4=100.0%, 8=0.0%, 16=0.1%, 32=0.0%, 64=0.0%, >=64=0.0%
     issued    : total=r=0/w=5120/d=0, short=r=0/w=0/d=0
     latency   : target=0, window=0, percentile=100.00%, depth=10
seq-write: (groupid=2, jobs=1): err= 0: pid=4150: Thu Feb 11 16:02:35 2016
  write: io=20480KB, bw=8666.1KB/s, iops=2166, runt=  2363msec
    slat (usec): min=5, max=70, avg=12.95, stdev= 6.62
    clat (usec): min=453, max=1031.4K, avg=4598.32, stdev=45426.55
     lat (usec): min=464, max=1031.4K, avg=4611.62, stdev=45427.94
    clat percentiles (usec):
     |  1.00th=[ 1336],  5.00th=[ 1416], 10.00th=[ 1432], 20.00th=[ 1512],
     | 30.00th=[ 1944], 40.00th=[ 2352], 50.00th=[ 2576], 60.00th=[ 2864],
     | 70.00th=[ 2928], 80.00th=[ 3312], 90.00th=[ 4256], 95.00th=[ 4320],
     | 99.00th=[ 4448], 99.50th=[ 4896], 99.90th=[1028096], 99.95th=[1028096],
     | 99.99th=[1028096]
    bw (KB  /s): min=    3, max=15464, per=7.39%, avg=10246.33, stdev=8871.51
    lat (usec) : 500=0.25%, 1000=0.14%
    lat (msec) : 2=35.08%, 4=51.60%, 10=12.73%, 2000=0.20%
  cpu          : usr=0.68%, sys=3.39%, ctx=1999, majf=0, minf=16
  IO depths    : 1=0.1%, 2=0.1%, 4=0.1%, 8=99.9%, 16=0.0%, 32=0.0%, >=64=0.0%
     submit    : 0=0.0%, 4=100.0%, 8=0.0%, 16=0.0%, 32=0.0%, 64=0.0%, >=64=0.0%
     complete  : 0=0.0%, 4=100.0%, 8=0.0%, 16=0.1%, 32=0.0%, 64=0.0%, >=64=0.0%
     issued    : total=r=0/w=5120/d=0, short=r=0/w=0/d=0
     latency   : target=0, window=0, percentile=100.00%, depth=10
seq-write: (groupid=2, jobs=1): err= 0: pid=4151: Thu Feb 11 16:02:35 2016
  write: io=20480KB, bw=8670.7KB/s, iops=2167, runt=  2362msec
    slat (usec): min=5, max=47, avg=11.27, stdev= 4.51
    clat (usec): min=289, max=1035.8K, avg=4598.20, stdev=45595.79
     lat (usec): min=296, max=1035.2K, avg=4609.77, stdev=45595.66
    clat percentiles (usec):
     |  1.00th=[ 1352],  5.00th=[ 1448], 10.00th=[ 1464], 20.00th=[ 1528],
     | 30.00th=[ 1928], 40.00th=[ 2352], 50.00th=[ 2512], 60.00th=[ 2864],
     | 70.00th=[ 2928], 80.00th=[ 3280], 90.00th=[ 4256], 95.00th=[ 4320],
     | 99.00th=[ 4384], 99.50th=[ 4448], 99.90th=[1036288], 99.95th=[1036288],
     | 99.99th=[1036288]
    bw (KB  /s): min=    3, max=15608, per=7.43%, avg=10302.33, stdev=8920.85
    lat (usec) : 500=0.12%, 750=0.06%
    lat (msec) : 2=36.54%, 4=50.70%, 10=12.38%, 2000=0.20%
  cpu          : usr=0.85%, sys=2.54%, ctx=2054, majf=0, minf=18
  IO depths    : 1=0.1%, 2=0.1%, 4=0.1%, 8=99.9%, 16=0.0%, 32=0.0%, >=64=0.0%
     submit    : 0=0.0%, 4=100.0%, 8=0.0%, 16=0.0%, 32=0.0%, 64=0.0%, >=64=0.0%
     complete  : 0=0.0%, 4=100.0%, 8=0.0%, 16=0.1%, 32=0.0%, 64=0.0%, >=64=0.0%
     issued    : total=r=0/w=5120/d=0, short=r=0/w=0/d=0
     latency   : target=0, window=0, percentile=100.00%, depth=10
rand-write: (groupid=3, jobs=1): err= 0: pid=4152: Thu Feb 11 16:02:35 2016
  write: io=20480KB, bw=8294.9KB/s, iops=2073, runt=  2469msec
    slat (usec): min=6, max=7595, avg=144.85, stdev=308.82
    clat (usec): min=63, max=38759, avg=4672.89, stdev=3256.41
     lat (usec): min=76, max=39150, avg=4818.14, stdev=3268.22
    clat percentiles (usec):
     |  1.00th=[  141],  5.00th=[  390], 10.00th=[  828], 20.00th=[ 1736],
     | 30.00th=[ 2576], 40.00th=[ 3600], 50.00th=[ 4576], 60.00th=[ 5472],
     | 70.00th=[ 6368], 80.00th=[ 7200], 90.00th=[ 8096], 95.00th=[ 8896],
     | 99.00th=[15808], 99.50th=[17536], 99.90th=[29824], 99.95th=[36608],
     | 99.99th=[38656]
    bw (KB  /s): min= 7992, max= 8359, per=6.25%, avg=8175.75, stdev=149.97
    lat (usec) : 100=0.47%, 250=2.62%, 500=3.55%, 750=2.48%, 1000=2.85%
    lat (msec) : 2=11.62%, 4=20.57%, 10=53.77%, 20=1.68%, 50=0.39%
  cpu          : usr=0.81%, sys=4.86%, ctx=6089, majf=0, minf=16
  IO depths    : 1=0.1%, 2=0.1%, 4=0.1%, 8=99.9%, 16=0.0%, 32=0.0%, >=64=0.0%
     submit    : 0=0.0%, 4=100.0%, 8=0.0%, 16=0.0%, 32=0.0%, 64=0.0%, >=64=0.0%
     complete  : 0=0.0%, 4=100.0%, 8=0.0%, 16=0.1%, 32=0.0%, 64=0.0%, >=64=0.0%
     issued    : total=r=0/w=5120/d=0, short=r=0/w=0/d=0
     latency   : target=0, window=0, percentile=100.00%, depth=10
rand-write: (groupid=3, jobs=1): err= 0: pid=4153: Thu Feb 11 16:02:35 2016
  write: io=20480KB, bw=8298.3KB/s, iops=2074, runt=  2468msec
    slat (usec): min=5, max=6714, avg=146.06, stdev=315.70
    clat (usec): min=74, max=35682, avg=4668.95, stdev=3258.49
     lat (usec): min=95, max=35698, avg=4815.42, stdev=3273.54
    clat percentiles (usec):
     |  1.00th=[  139],  5.00th=[  382], 10.00th=[  884], 20.00th=[ 1752],
     | 30.00th=[ 2576], 40.00th=[ 3504], 50.00th=[ 4448], 60.00th=[ 5344],
     | 70.00th=[ 6304], 80.00th=[ 7200], 90.00th=[ 8160], 95.00th=[ 9024],
     | 99.00th=[15424], 99.50th=[19328], 99.90th=[29824], 99.95th=[32640],
     | 99.99th=[35584]
    bw (KB  /s): min= 7888, max= 8407, per=6.24%, avg=8165.75, stdev=213.33
    lat (usec) : 100=0.29%, 250=2.99%, 500=3.01%, 750=2.46%, 1000=2.38%
    lat (msec) : 2=11.88%, 4=22.34%, 10=52.27%, 20=1.93%, 50=0.45%
  cpu          : usr=1.95%, sys=3.57%, ctx=5991, majf=0, minf=17
  IO depths    : 1=0.1%, 2=0.1%, 4=0.1%, 8=99.9%, 16=0.0%, 32=0.0%, >=64=0.0%
     submit    : 0=0.0%, 4=100.0%, 8=0.0%, 16=0.0%, 32=0.0%, 64=0.0%, >=64=0.0%
     complete  : 0=0.0%, 4=100.0%, 8=0.0%, 16=0.1%, 32=0.0%, 64=0.0%, >=64=0.0%
     issued    : total=r=0/w=5120/d=0, short=r=0/w=0/d=0
     latency   : target=0, window=0, percentile=100.00%, depth=10
rand-write: (groupid=3, jobs=1): err= 0: pid=4154: Thu Feb 11 16:02:35 2016
  write: io=20480KB, bw=8359.2KB/s, iops=2089, runt=  2450msec
    slat (usec): min=6, max=5016, avg=147.82, stdev=304.14
    clat (usec): min=70, max=36923, avg=4632.73, stdev=3083.32
     lat (usec): min=83, max=37476, avg=4780.96, stdev=3100.99
    clat percentiles (usec):
     |  1.00th=[  137],  5.00th=[  422], 10.00th=[  916], 20.00th=[ 1816],
     | 30.00th=[ 2608], 40.00th=[ 3568], 50.00th=[ 4512], 60.00th=[ 5408],
     | 70.00th=[ 6304], 80.00th=[ 7136], 90.00th=[ 8032], 95.00th=[ 8768],
     | 99.00th=[14912], 99.50th=[17280], 99.90th=[25728], 99.95th=[31360],
     | 99.99th=[37120]
    bw (KB  /s): min= 8104, max= 8424, per=6.32%, avg=8264.00, stdev=130.64
    lat (usec) : 100=0.37%, 250=2.56%, 500=2.89%, 750=2.42%, 1000=2.79%
    lat (msec) : 2=11.45%, 4=22.29%, 10=53.24%, 20=1.70%, 50=0.29%
  cpu          : usr=0.49%, sys=5.23%, ctx=6154, majf=0, minf=13
  IO depths    : 1=0.1%, 2=0.1%, 4=0.1%, 8=99.9%, 16=0.0%, 32=0.0%, >=64=0.0%
     submit    : 0=0.0%, 4=100.0%, 8=0.0%, 16=0.0%, 32=0.0%, 64=0.0%, >=64=0.0%
     complete  : 0=0.0%, 4=100.0%, 8=0.0%, 16=0.1%, 32=0.0%, 64=0.0%, >=64=0.0%
     issued    : total=r=0/w=5120/d=0, short=r=0/w=0/d=0
     latency   : target=0, window=0, percentile=100.00%, depth=10
rand-write: (groupid=3, jobs=1): err= 0: pid=4155: Thu Feb 11 16:02:35 2016
  write: io=20480KB, bw=8188.8KB/s, iops=2047, runt=  2501msec
    slat (usec): min=5, max=6238, avg=149.20, stdev=312.41
    clat (usec): min=72, max=37338, avg=4731.79, stdev=3343.32
     lat (usec): min=81, max=37358, avg=4881.40, stdev=3360.32
    clat percentiles (usec):
     |  1.00th=[  135],  5.00th=[  414], 10.00th=[  948], 20.00th=[ 1896],
     | 30.00th=[ 2704], 40.00th=[ 3600], 50.00th=[ 4576], 60.00th=[ 5344],
     | 70.00th=[ 6240], 80.00th=[ 7200], 90.00th=[ 8160], 95.00th=[ 9024],
     | 99.00th=[16064], 99.50th=[21120], 99.90th=[29824], 99.95th=[32384],
     | 99.99th=[37120]
    bw (KB  /s): min= 7936, max= 8480, per=6.25%, avg=8179.20, stdev=224.90
    lat (usec) : 100=0.27%, 250=2.79%, 500=3.07%, 750=2.15%, 1000=2.15%
    lat (msec) : 2=10.59%, 4=22.89%, 10=53.46%, 20=2.09%, 50=0.55%
  cpu          : usr=1.60%, sys=4.00%, ctx=6195, majf=0, minf=16
  IO depths    : 1=0.1%, 2=0.1%, 4=0.1%, 8=99.9%, 16=0.0%, 32=0.0%, >=64=0.0%
     submit    : 0=0.0%, 4=100.0%, 8=0.0%, 16=0.0%, 32=0.0%, 64=0.0%, >=64=0.0%
     complete  : 0=0.0%, 4=100.0%, 8=0.0%, 16=0.1%, 32=0.0%, 64=0.0%, >=64=0.0%
     issued    : total=r=0/w=5120/d=0, short=r=0/w=0/d=0
     latency   : target=0, window=0, percentile=100.00%, depth=10
rand-write: (groupid=3, jobs=1): err= 0: pid=4156: Thu Feb 11 16:02:35 2016
  write: io=20480KB, bw=8188.8KB/s, iops=2047, runt=  2501msec
    slat (usec): min=5, max=6236, avg=145.90, stdev=310.13
    clat (usec): min=71, max=37829, avg=4731.63, stdev=3165.62
     lat (usec): min=85, max=38481, avg=4877.95, stdev=3182.96
    clat percentiles (usec):
     |  1.00th=[  141],  5.00th=[  398], 10.00th=[  916], 20.00th=[ 1880],
     | 30.00th=[ 2736], 40.00th=[ 3760], 50.00th=[ 4640], 60.00th=[ 5408],
     | 70.00th=[ 6368], 80.00th=[ 7200], 90.00th=[ 8096], 95.00th=[ 8768],
     | 99.00th=[15680], 99.50th=[18560], 99.90th=[29056], 99.95th=[33536],
     | 99.99th=[37632]
    bw (KB  /s): min= 8024, max= 8232, per=6.20%, avg=8114.00, stdev=86.99
    lat (usec) : 100=0.23%, 250=2.93%, 500=2.71%, 750=2.34%, 1000=2.54%
    lat (msec) : 2=10.64%, 4=20.94%, 10=55.43%, 20=1.93%, 50=0.29%
  cpu          : usr=1.60%, sys=4.16%, ctx=5981, majf=0, minf=19
  IO depths    : 1=0.1%, 2=0.1%, 4=0.1%, 8=99.9%, 16=0.0%, 32=0.0%, >=64=0.0%
     submit    : 0=0.0%, 4=100.0%, 8=0.0%, 16=0.0%, 32=0.0%, 64=0.0%, >=64=0.0%
     complete  : 0=0.0%, 4=100.0%, 8=0.0%, 16=0.1%, 32=0.0%, 64=0.0%, >=64=0.0%
     issued    : total=r=0/w=5120/d=0, short=r=0/w=0/d=0
     latency   : target=0, window=0, percentile=100.00%, depth=10
rand-write: (groupid=3, jobs=1): err= 0: pid=4157: Thu Feb 11 16:02:35 2016
  write: io=20480KB, bw=8308.4KB/s, iops=2077, runt=  2465msec
    slat (usec): min=5, max=2037, avg=143.96, stdev=298.18
    clat (usec): min=73, max=39440, avg=4664.48, stdev=3234.47
     lat (usec): min=96, max=39450, avg=4808.86, stdev=3254.68
    clat percentiles (usec):
     |  1.00th=[  141],  5.00th=[  406], 10.00th=[  820], 20.00th=[ 1736],
     | 30.00th=[ 2576], 40.00th=[ 3504], 50.00th=[ 4512], 60.00th=[ 5408],
     | 70.00th=[ 6368], 80.00th=[ 7200], 90.00th=[ 8096], 95.00th=[ 8896],
     | 99.00th=[15552], 99.50th=[18048], 99.90th=[31616], 99.95th=[34560],
     | 99.99th=[39680]
    bw (KB  /s): min= 7968, max= 8200, per=6.21%, avg=8128.00, stdev=108.71
    lat (usec) : 100=0.25%, 250=2.77%, 500=3.12%, 750=3.11%, 1000=2.58%
    lat (msec) : 2=10.90%, 4=22.60%, 10=52.40%, 20=1.93%, 50=0.33%
  cpu          : usr=1.62%, sys=4.06%, ctx=5944, majf=0, minf=16
  IO depths    : 1=0.1%, 2=0.1%, 4=0.1%, 8=99.9%, 16=0.0%, 32=0.0%, >=64=0.0%
     submit    : 0=0.0%, 4=100.0%, 8=0.0%, 16=0.0%, 32=0.0%, 64=0.0%, >=64=0.0%
     complete  : 0=0.0%, 4=100.0%, 8=0.0%, 16=0.1%, 32=0.0%, 64=0.0%, >=64=0.0%
     issued    : total=r=0/w=5120/d=0, short=r=0/w=0/d=0
     latency   : target=0, window=0, percentile=100.00%, depth=10
rand-write: (groupid=3, jobs=1): err= 0: pid=4158: Thu Feb 11 16:02:35 2016
  write: io=20480KB, bw=8241.5KB/s, iops=2060, runt=  2485msec
    slat (usec): min=5, max=8813, avg=146.73, stdev=320.13
    clat (usec): min=77, max=39927, avg=4700.21, stdev=3243.32
     lat (usec): min=85, max=40354, avg=4847.35, stdev=3260.15
    clat percentiles (usec):
     |  1.00th=[  131],  5.00th=[  438], 10.00th=[  860], 20.00th=[ 1784],
     | 30.00th=[ 2608], 40.00th=[ 3632], 50.00th=[ 4576], 60.00th=[ 5408],
     | 70.00th=[ 6368], 80.00th=[ 7200], 90.00th=[ 8096], 95.00th=[ 8896],
     | 99.00th=[15168], 99.50th=[18048], 99.90th=[29568], 99.95th=[36096],
     | 99.99th=[39680]
    bw (KB  /s): min= 8040, max= 8392, per=6.26%, avg=8194.00, stdev=146.84
    lat (usec) : 100=0.43%, 250=2.09%, 500=3.20%, 750=3.09%, 1000=2.58%
    lat (msec) : 2=11.00%, 4=21.64%, 10=53.52%, 20=2.13%, 50=0.33%
  cpu          : usr=1.29%, sys=4.35%, ctx=6168, majf=0, minf=15
  IO depths    : 1=0.1%, 2=0.1%, 4=0.1%, 8=99.9%, 16=0.0%, 32=0.0%, >=64=0.0%
     submit    : 0=0.0%, 4=100.0%, 8=0.0%, 16=0.0%, 32=0.0%, 64=0.0%, >=64=0.0%
     complete  : 0=0.0%, 4=100.0%, 8=0.0%, 16=0.1%, 32=0.0%, 64=0.0%, >=64=0.0%
     issued    : total=r=0/w=5120/d=0, short=r=0/w=0/d=0
     latency   : target=0, window=0, percentile=100.00%, depth=10
rand-write: (groupid=3, jobs=1): err= 0: pid=4159: Thu Feb 11 16:02:35 2016
  write: io=20480KB, bw=8234.9KB/s, iops=2058, runt=  2487msec
    slat (usec): min=6, max=6257, avg=146.33, stdev=311.28
    clat (usec): min=79, max=47216, avg=4706.26, stdev=3194.00
     lat (usec): min=87, max=47226, avg=4852.99, stdev=3207.42
    clat percentiles (usec):
     |  1.00th=[  147],  5.00th=[  426], 10.00th=[  940], 20.00th=[ 1848],
     | 30.00th=[ 2768], 40.00th=[ 3600], 50.00th=[ 4576], 60.00th=[ 5408],
     | 70.00th=[ 6368], 80.00th=[ 7136], 90.00th=[ 7968], 95.00th=[ 8896],
     | 99.00th=[15168], 99.50th=[18560], 99.90th=[29312], 99.95th=[33536],
     | 99.99th=[47360]
    bw (KB  /s): min= 7936, max= 8368, per=6.21%, avg=8126.00, stdev=219.61
    lat (usec) : 100=0.33%, 250=2.23%, 500=2.93%, 750=2.46%, 1000=2.62%
    lat (msec) : 2=11.21%, 4=22.54%, 10=53.36%, 20=1.91%, 50=0.41%
  cpu          : usr=1.45%, sys=4.18%, ctx=6111, majf=0, minf=12
  IO depths    : 1=0.1%, 2=0.1%, 4=0.1%, 8=99.9%, 16=0.0%, 32=0.0%, >=64=0.0%
     submit    : 0=0.0%, 4=100.0%, 8=0.0%, 16=0.0%, 32=0.0%, 64=0.0%, >=64=0.0%
     complete  : 0=0.0%, 4=100.0%, 8=0.0%, 16=0.1%, 32=0.0%, 64=0.0%, >=64=0.0%
     issued    : total=r=0/w=5120/d=0, short=r=0/w=0/d=0
     latency   : target=0, window=0, percentile=100.00%, depth=10
rand-write: (groupid=3, jobs=1): err= 0: pid=4160: Thu Feb 11 16:02:35 2016
  write: io=20480KB, bw=8348.1KB/s, iops=2087, runt=  2453msec
    slat (usec): min=6, max=7542, avg=147.17, stdev=323.68
    clat (usec): min=73, max=28799, avg=4638.44, stdev=3053.92
     lat (usec): min=88, max=28821, avg=4786.05, stdev=3069.33
    clat percentiles (usec):
     |  1.00th=[  137],  5.00th=[  406], 10.00th=[  844], 20.00th=[ 1800],
     | 30.00th=[ 2640], 40.00th=[ 3568], 50.00th=[ 4576], 60.00th=[ 5408],
     | 70.00th=[ 6368], 80.00th=[ 7200], 90.00th=[ 8032], 95.00th=[ 8896],
     | 99.00th=[14400], 99.50th=[18048], 99.90th=[23680], 99.95th=[25472],
     | 99.99th=[28800]
    bw (KB  /s): min= 8080, max= 8352, per=6.31%, avg=8252.00, stdev=129.57
    lat (usec) : 100=0.37%, 250=2.52%, 500=3.26%, 750=2.70%, 1000=2.79%
    lat (msec) : 2=10.55%, 4=22.21%, 10=53.42%, 20=1.86%, 50=0.33%
  cpu          : usr=0.65%, sys=5.22%, ctx=6099, majf=0, minf=18
  IO depths    : 1=0.1%, 2=0.1%, 4=0.1%, 8=99.9%, 16=0.0%, 32=0.0%, >=64=0.0%
     submit    : 0=0.0%, 4=100.0%, 8=0.0%, 16=0.0%, 32=0.0%, 64=0.0%, >=64=0.0%
     complete  : 0=0.0%, 4=100.0%, 8=0.0%, 16=0.1%, 32=0.0%, 64=0.0%, >=64=0.0%
     issued    : total=r=0/w=5120/d=0, short=r=0/w=0/d=0
     latency   : target=0, window=0, percentile=100.00%, depth=10
rand-write: (groupid=3, jobs=1): err= 0: pid=4161: Thu Feb 11 16:02:35 2016
  write: io=20480KB, bw=8234.9KB/s, iops=2058, runt=  2487msec
    slat (usec): min=5, max=2686, avg=145.82, stdev=304.25
    clat (usec): min=71, max=37541, avg=4707.04, stdev=3235.89
     lat (usec): min=82, max=37562, avg=4853.25, stdev=3250.05
    clat percentiles (usec):
     |  1.00th=[  126],  5.00th=[  366], 10.00th=[  884], 20.00th=[ 1816],
     | 30.00th=[ 2640], 40.00th=[ 3632], 50.00th=[ 4576], 60.00th=[ 5408],
     | 70.00th=[ 6432], 80.00th=[ 7264], 90.00th=[ 8096], 95.00th=[ 8896],
     | 99.00th=[15680], 99.50th=[19584], 99.90th=[27520], 99.95th=[33536],
     | 99.99th=[37632]
    bw (KB  /s): min= 7912, max= 8336, per=6.21%, avg=8124.00, stdev=175.58
    lat (usec) : 100=0.49%, 250=2.73%, 500=2.99%, 750=2.30%, 1000=2.66%
    lat (msec) : 2=11.25%, 4=21.43%, 10=53.85%, 20=1.86%, 50=0.45%
  cpu          : usr=1.13%, sys=4.51%, ctx=6042, majf=0, minf=14
  IO depths    : 1=0.1%, 2=0.1%, 4=0.1%, 8=99.9%, 16=0.0%, 32=0.0%, >=64=0.0%
     submit    : 0=0.0%, 4=100.0%, 8=0.0%, 16=0.0%, 32=0.0%, 64=0.0%, >=64=0.0%
     complete  : 0=0.0%, 4=100.0%, 8=0.0%, 16=0.1%, 32=0.0%, 64=0.0%, >=64=0.0%
     issued    : total=r=0/w=5120/d=0, short=r=0/w=0/d=0
     latency   : target=0, window=0, percentile=100.00%, depth=10
rand-write: (groupid=3, jobs=1): err= 0: pid=4162: Thu Feb 11 16:02:35 2016
  write: io=20480KB, bw=8178.1KB/s, iops=2044, runt=  2504msec
    slat (usec): min=5, max=2687, avg=144.45, stdev=301.51
    clat (usec): min=67, max=54198, avg=4741.98, stdev=3535.79
     lat (usec): min=74, max=54209, avg=4886.83, stdev=3548.97
    clat percentiles (usec):
     |  1.00th=[  131],  5.00th=[  330], 10.00th=[  788], 20.00th=[ 1736],
     | 30.00th=[ 2512], 40.00th=[ 3600], 50.00th=[ 4576], 60.00th=[ 5472],
     | 70.00th=[ 6432], 80.00th=[ 7264], 90.00th=[ 8160], 95.00th=[ 8896],
     | 99.00th=[16768], 99.50th=[20864], 99.90th=[36096], 99.95th=[41216],
     | 99.99th=[54016]
    bw (KB  /s): min= 7744, max= 8560, per=6.21%, avg=8128.00, stdev=323.83
    lat (usec) : 100=0.43%, 250=3.67%, 500=2.73%, 750=2.79%, 1000=2.48%
    lat (msec) : 2=11.13%, 4=21.17%, 10=52.99%, 20=2.01%, 50=0.55%
    lat (msec) : 100=0.04%
  cpu          : usr=1.60%, sys=4.00%, ctx=6067, majf=0, minf=13
  IO depths    : 1=0.1%, 2=0.1%, 4=0.1%, 8=99.9%, 16=0.0%, 32=0.0%, >=64=0.0%
     submit    : 0=0.0%, 4=100.0%, 8=0.0%, 16=0.0%, 32=0.0%, 64=0.0%, >=64=0.0%
     complete  : 0=0.0%, 4=100.0%, 8=0.0%, 16=0.1%, 32=0.0%, 64=0.0%, >=64=0.0%
     issued    : total=r=0/w=5120/d=0, short=r=0/w=0/d=0
     latency   : target=0, window=0, percentile=100.00%, depth=10
rand-write: (groupid=3, jobs=1): err= 0: pid=4163: Thu Feb 11 16:02:35 2016
  write: io=20480KB, bw=8205.2KB/s, iops=2051, runt=  2496msec
    slat (usec): min=6, max=6695, avg=150.65, stdev=327.35
    clat (usec): min=72, max=43867, avg=4717.48, stdev=3456.76
     lat (usec): min=83, max=43882, avg=4868.53, stdev=3465.03
    clat percentiles (usec):
     |  1.00th=[  143],  5.00th=[  382], 10.00th=[  836], 20.00th=[ 1752],
     | 30.00th=[ 2640], 40.00th=[ 3536], 50.00th=[ 4512], 60.00th=[ 5408],
     | 70.00th=[ 6368], 80.00th=[ 7264], 90.00th=[ 8160], 95.00th=[ 9024],
     | 99.00th=[15424], 99.50th=[21888], 99.90th=[35072], 99.95th=[42240],
     | 99.99th=[43776]
    bw (KB  /s): min= 8160, max= 8408, per=6.32%, avg=8276.00, stdev=130.39
    lat (usec) : 100=0.21%, 250=2.73%, 500=3.42%, 750=2.73%, 1000=2.50%
    lat (msec) : 2=11.27%, 4=22.09%, 10=52.46%, 20=2.03%, 50=0.55%
  cpu          : usr=0.96%, sys=4.65%, ctx=6131, majf=0, minf=11
  IO depths    : 1=0.1%, 2=0.1%, 4=0.1%, 8=99.9%, 16=0.0%, 32=0.0%, >=64=0.0%
     submit    : 0=0.0%, 4=100.0%, 8=0.0%, 16=0.0%, 32=0.0%, 64=0.0%, >=64=0.0%
     complete  : 0=0.0%, 4=100.0%, 8=0.0%, 16=0.1%, 32=0.0%, 64=0.0%, >=64=0.0%
     issued    : total=r=0/w=5120/d=0, short=r=0/w=0/d=0
     latency   : target=0, window=0, percentile=100.00%, depth=10
rand-write: (groupid=3, jobs=1): err= 0: pid=4164: Thu Feb 11 16:02:35 2016
  write: io=20480KB, bw=8218.4KB/s, iops=2054, runt=  2492msec
    slat (usec): min=5, max=6229, avg=150.00, stdev=312.12
    clat (usec): min=68, max=39638, avg=4711.78, stdev=3206.50
     lat (usec): min=79, max=39669, avg=4862.22, stdev=3214.55
    clat percentiles (usec):
     |  1.00th=[  149],  5.00th=[  418], 10.00th=[  900], 20.00th=[ 1816],
     | 30.00th=[ 2672], 40.00th=[ 3632], 50.00th=[ 4576], 60.00th=[ 5472],
     | 70.00th=[ 6368], 80.00th=[ 7264], 90.00th=[ 8160], 95.00th=[ 8896],
     | 99.00th=[15168], 99.50th=[18304], 99.90th=[29056], 99.95th=[33024],
     | 99.99th=[39680]
    bw (KB  /s): min= 7856, max= 8431, per=6.23%, avg=8149.75, stdev=246.57
    lat (usec) : 100=0.35%, 250=2.25%, 500=3.42%, 750=2.44%, 1000=2.50%
    lat (msec) : 2=11.05%, 4=22.36%, 10=53.07%, 20=2.19%, 50=0.37%
  cpu          : usr=1.61%, sys=4.18%, ctx=6099, majf=0, minf=16
  IO depths    : 1=0.1%, 2=0.1%, 4=0.1%, 8=99.9%, 16=0.0%, 32=0.0%, >=64=0.0%
     submit    : 0=0.0%, 4=100.0%, 8=0.0%, 16=0.0%, 32=0.0%, 64=0.0%, >=64=0.0%
     complete  : 0=0.0%, 4=100.0%, 8=0.0%, 16=0.1%, 32=0.0%, 64=0.0%, >=64=0.0%
     issued    : total=r=0/w=5120/d=0, short=r=0/w=0/d=0
     latency   : target=0, window=0, percentile=100.00%, depth=10
rand-write: (groupid=3, jobs=1): err= 0: pid=4165: Thu Feb 11 16:02:35 2016
  write: io=20480KB, bw=8271.5KB/s, iops=2067, runt=  2476msec
    slat (usec): min=6, max=2142, avg=146.21, stdev=301.95
    clat (usec): min=58, max=39812, avg=4685.82, stdev=3331.84
     lat (usec): min=76, max=39822, avg=4832.43, stdev=3339.65
    clat percentiles (usec):
     |  1.00th=[  149],  5.00th=[  398], 10.00th=[  844], 20.00th=[ 1816],
     | 30.00th=[ 2640], 40.00th=[ 3504], 50.00th=[ 4512], 60.00th=[ 5344],
     | 70.00th=[ 6240], 80.00th=[ 7200], 90.00th=[ 8096], 95.00th=[ 9024],
     | 99.00th=[15680], 99.50th=[20096], 99.90th=[32128], 99.95th=[36096],
     | 99.99th=[39680]
    bw (KB  /s): min= 8144, max= 8318, per=6.27%, avg=8199.50, stdev=80.07
    lat (usec) : 100=0.35%, 250=2.11%, 500=3.71%, 750=2.68%, 1000=2.68%
    lat (msec) : 2=11.09%, 4=22.01%, 10=52.58%, 20=2.29%, 50=0.51%
  cpu          : usr=0.65%, sys=5.01%, ctx=6080, majf=0, minf=15
  IO depths    : 1=0.1%, 2=0.1%, 4=0.1%, 8=99.9%, 16=0.0%, 32=0.0%, >=64=0.0%
     submit    : 0=0.0%, 4=100.0%, 8=0.0%, 16=0.0%, 32=0.0%, 64=0.0%, >=64=0.0%
     complete  : 0=0.0%, 4=100.0%, 8=0.0%, 16=0.1%, 32=0.0%, 64=0.0%, >=64=0.0%
     issued    : total=r=0/w=5120/d=0, short=r=0/w=0/d=0
     latency   : target=0, window=0, percentile=100.00%, depth=10
rand-write: (groupid=3, jobs=1): err= 0: pid=4166: Thu Feb 11 16:02:35 2016
  write: io=20480KB, bw=8248.9KB/s, iops=2062, runt=  2483msec
    slat (usec): min=6, max=6696, avg=149.91, stdev=320.09
    clat (usec): min=75, max=45710, avg=4694.19, stdev=3229.00
     lat (usec): min=83, max=45724, avg=4844.50, stdev=3239.73
    clat percentiles (usec):
     |  1.00th=[  135],  5.00th=[  458], 10.00th=[  924], 20.00th=[ 1848],
     | 30.00th=[ 2704], 40.00th=[ 3632], 50.00th=[ 4512], 60.00th=[ 5408],
     | 70.00th=[ 6304], 80.00th=[ 7200], 90.00th=[ 8032], 95.00th=[ 8896],
     | 99.00th=[14528], 99.50th=[17536], 99.90th=[30336], 99.95th=[41728],
     | 99.99th=[45824]
    bw (KB  /s): min= 7824, max= 8304, per=6.22%, avg=8140.00, stdev=219.53
    lat (usec) : 100=0.27%, 250=2.38%, 500=3.03%, 750=2.52%, 1000=2.48%
    lat (msec) : 2=10.98%, 4=22.54%, 10=53.52%, 20=1.91%, 50=0.37%
  cpu          : usr=0.64%, sys=4.99%, ctx=6116, majf=0, minf=14
  IO depths    : 1=0.1%, 2=0.1%, 4=0.1%, 8=99.9%, 16=0.0%, 32=0.0%, >=64=0.0%
     submit    : 0=0.0%, 4=100.0%, 8=0.0%, 16=0.0%, 32=0.0%, 64=0.0%, >=64=0.0%
     complete  : 0=0.0%, 4=100.0%, 8=0.0%, 16=0.1%, 32=0.0%, 64=0.0%, >=64=0.0%
     issued    : total=r=0/w=5120/d=0, short=r=0/w=0/d=0
     latency   : target=0, window=0, percentile=100.00%, depth=10
rand-write: (groupid=3, jobs=1): err= 0: pid=4167: Thu Feb 11 16:02:35 2016
  write: io=20480KB, bw=8178.1KB/s, iops=2044, runt=  2504msec
    slat (usec): min=5, max=6259, avg=149.78, stdev=312.23
    clat (usec): min=68, max=37677, avg=4735.16, stdev=3255.54
     lat (usec): min=86, max=37687, avg=4885.37, stdev=3265.34
    clat percentiles (usec):
     |  1.00th=[  131],  5.00th=[  382], 10.00th=[  860], 20.00th=[ 1864],
     | 30.00th=[ 2672], 40.00th=[ 3632], 50.00th=[ 4512], 60.00th=[ 5408],
     | 70.00th=[ 6432], 80.00th=[ 7264], 90.00th=[ 8096], 95.00th=[ 9024],
     | 99.00th=[15936], 99.50th=[19584], 99.90th=[27264], 99.95th=[31872],
     | 99.99th=[37632]
    bw (KB  /s): min= 7944, max= 8087, per=6.13%, avg=8023.75, stdev=60.58
    lat (usec) : 100=0.35%, 250=3.24%, 500=2.95%, 750=2.32%, 1000=2.50%
    lat (msec) : 2=10.35%, 4=22.36%, 10=53.26%, 20=2.19%, 50=0.47%
  cpu          : usr=1.12%, sys=4.47%, ctx=6179, majf=0, minf=11
  IO depths    : 1=0.1%, 2=0.1%, 4=0.1%, 8=99.9%, 16=0.0%, 32=0.0%, >=64=0.0%
     submit    : 0=0.0%, 4=100.0%, 8=0.0%, 16=0.0%, 32=0.0%, 64=0.0%, >=64=0.0%
     complete  : 0=0.0%, 4=100.0%, 8=0.0%, 16=0.1%, 32=0.0%, 64=0.0%, >=64=0.0%
     issued    : total=r=0/w=5120/d=0, short=r=0/w=0/d=0
     latency   : target=0, window=0, percentile=100.00%, depth=10

Run status group 0 (all jobs):
   READ: io=327680KB, aggrb=133746KB/s, minb=8359KB/s, maxb=8379KB/s, mint=2444msec, maxt=2450msec

Run status group 1 (all jobs):
   READ: io=327680KB, aggrb=32836KB/s, minb=2052KB/s, maxb=2075KB/s, mint=9866msec, maxt=9979msec

Run status group 2 (all jobs):
  WRITE: io=327680KB, aggrb=138612KB/s, minb=8663KB/s, maxb=19864KB/s, mint=1031msec, maxt=2364msec

Run status group 3 (all jobs):
  WRITE: io=327680KB, aggrb=130862KB/s, minb=8178KB/s, maxb=8359KB/s, mint=2450msec, maxt=2504msec

Disk stats (read/write):
  sda: ios=77813/73409, merge=81196/77409, ticks=1400812/344472, in_queue=1752252, util=93.77%
